The system is: Linux - 4.10.0-42-generic - x86_64
Compiling the C compiler identification source file "CMakeCCompilerId.c" succeeded.
Compiler: /usr/bin/cc 
Build flags: 
Id flags: 

The output was:
0


Compilation of the C compiler identification source "CMakeCCompilerId.c" produced "a.out"

The C compiler identification is GNU, found in "/home/howoongjun/gym-gazebo/gym_gazebo/envs/installation/catkin_ws/build/CMakeFiles/3.5.1/CompilerIdC/a.out"

Compiling the CXX compiler identification source file "CMakeCXXCompilerId.cpp" succeeded.
Compiler: /usr/bin/c++ 
Build flags: 
Id flags: 

The output was:
0


Compilation of the CXX compiler identification source "CMakeCXXCompilerId.cpp" produced "a.out"

The CXX compiler identification is GNU, found in "/home/howoongjun/gym-gazebo/gym_gazebo/envs/installation/catkin_ws/build/CMakeFiles/3.5.1/CompilerIdCXX/a.out"

Determining if the C compiler works passed with the following output:
Change Dir: /home/howoongjun/gym-gazebo/gym_gazebo/envs/installation/catkin_ws/build/CMakeFiles/CMakeTmp

Run Build Command:"/usr/bin/make" "cmTC_7124d/fast"
/usr/bin/make -f CMakeFiles/cmTC_7124d.dir/build.make CMakeFiles/cmTC_7124d.dir/build
make[1]: Entering directory '/home/howoongjun/gym-gazebo/gym_gazebo/envs/installation/catkin_ws/build/CMakeFiles/CMakeTmp'
Building C object CMakeFiles/cmTC_7124d.dir/testCCompiler.c.o
/usr/bin/cc     -o CMakeFiles/cmTC_7124d.dir/testCCompiler.c.o   -c /home/howoongjun/gym-gazebo/gym_gazebo/envs/installation/catkin_ws/build/CMakeFiles/CMakeTmp/testCCompiler.c
Linking C executable cmTC_7124d
/usr/bin/cmake -E cmake_link_script CMakeFiles/cmTC_7124d.dir/link.txt --verbose=1
/usr/bin/cc       CMakeFiles/cmTC_7124d.dir/testCCompiler.c.o  -o cmTC_7124d -rdynamic 
make[1]: Leaving directory '/home/howoongjun/gym-gazebo/gym_gazebo/envs/installation/catkin_ws/build/CMakeFiles/CMakeTmp'


Detecting C compiler ABI info compiled with the following output:
Change Dir: /home/howoongjun/gym-gazebo/gym_gazebo/envs/installation/catkin_ws/build/CMakeFiles/CMakeTmp

Run Build Command:"/usr/bin/make" "cmTC_d9746/fast"
/usr/bin/make -f CMakeFiles/cmTC_d9746.dir/build.make CMakeFiles/cmTC_d9746.dir/build
make[1]: Entering directory '/home/howoongjun/gym-gazebo/gym_gazebo/envs/installation/catkin_ws/build/CMakeFiles/CMakeTmp'
Building C object CMakeFiles/cmTC_d9746.dir/CMakeCCompilerABI.c.o
/usr/bin/cc     -o CMakeFiles/cmTC_d9746.dir/CMakeCCompilerABI.c.o   -c /usr/share/cmake-3.5/Modules/CMakeCCompilerABI.c
Linking C executable cmTC_d9746
/usr/bin/cmake -E cmake_link_script CMakeFiles/cmTC_d9746.dir/link.txt --verbose=1
/usr/bin/cc      -v CMakeFiles/cmTC_d9746.dir/CMakeCCompilerABI.c.o  -o cmTC_d9746 -rdynamic  
Using built-in specs.
COLLECT_GCC=/usr/bin/cc
COLLECT_LTO_WRAPPER=/usr/lib/gcc/x86_64-linux-gnu/5/lto-wrapper
Target: x86_64-linux-gnu
Configured with: ../src/configure -v --with-pkgversion='Ubuntu 5.4.0-6ubuntu1~16.04.5' --with-bugurl=file:///usr/share/doc/gcc-5/README.Bugs --enable-languages=c,ada,c++,java,go,d,fortran,objc,obj-c++ --prefix=/usr --program-suffix=-5 --enable-shared --enable-linker-build-id --libexecdir=/usr/lib --without-included-gettext --enable-threads=posix --libdir=/usr/lib --enable-nls --with-sysroot=/ --enable-clocale=gnu --enable-libstdcxx-debug --enable-libstdcxx-time=yes --with-default-libstdcxx-abi=new --enable-gnu-unique-object --disable-vtable-verify --enable-libmpx --enable-plugin --with-system-zlib --disable-browser-plugin --enable-java-awt=gtk --enable-gtk-cairo --with-java-home=/usr/lib/jvm/java-1.5.0-gcj-5-amd64/jre --enable-java-home --with-jvm-root-dir=/usr/lib/jvm/java-1.5.0-gcj-5-amd64 --with-jvm-jar-dir=/usr/lib/jvm-exports/java-1.5.0-gcj-5-amd64 --with-arch-directory=amd64 --with-ecj-jar=/usr/share/java/eclipse-ecj.jar --enable-objc-gc --enable-multiarch --disable-werror --with-arch-32=i686 --with-abi=m64 --with-multilib-list=m32,m64,mx32 --enable-multilib --with-tune=generic --enable-checking=release --build=x86_64-linux-gnu --host=x86_64-linux-gnu --target=x86_64-linux-gnu
Thread model: posix
gcc version 5.4.0 20160609 (Ubuntu 5.4.0-6ubuntu1~16.04.5) 
COMPILER_PATH=/usr/lib/gcc/x86_64-linux-gnu/5/:/usr/lib/gcc/x86_64-linux-gnu/5/:/usr/lib/gcc/x86_64-linux-gnu/:/usr/lib/gcc/x86_64-linux-gnu/5/:/usr/lib/gcc/x86_64-linux-gnu/
LIBRARY_PATH=/usr/lib/gcc/x86_64-linux-gnu/5/:/usr/lib/gcc/x86_64-linux-gnu/5/../../../x86_64-linux-gnu/:/usr/lib/gcc/x86_64-linux-gnu/5/../../../../lib/:/lib/x86_64-linux-gnu/:/lib/../lib/:/usr/lib/x86_64-linux-gnu/:/usr/lib/../lib/:/usr/lib/gcc/x86_64-linux-gnu/5/../../../:/lib/:/usr/lib/
COLLECT_GCC_OPTIONS='-v' '-o' 'cmTC_d9746' '-rdynamic' '-mtune=generic' '-march=x86-64'
 /usr/lib/gcc/x86_64-linux-gnu/5/collect2 -plugin /usr/lib/gcc/x86_64-linux-gnu/5/liblto_plugin.so -plugin-opt=/usr/lib/gcc/x86_64-linux-gnu/5/lto-wrapper -plugin-opt=-fresolution=/tmp/cc3im3Y9.res -plugin-opt=-pass-through=-lgcc -plugin-opt=-pass-through=-lgcc_s -plugin-opt=-pass-through=-lc -plugin-opt=-pass-through=-lgcc -plugin-opt=-pass-through=-lgcc_s --sysroot=/ --build-id --eh-frame-hdr -m elf_x86_64 --hash-style=gnu --as-needed -export-dynamic -dynamic-linker /lib64/ld-linux-x86-64.so.2 -z relro -o cmTC_d9746 /usr/lib/gcc/x86_64-linux-gnu/5/../../../x86_64-linux-gnu/crt1.o /usr/lib/gcc/x86_64-linux-gnu/5/../../../x86_64-linux-gnu/crti.o /usr/lib/gcc/x86_64-linux-gnu/5/crtbegin.o -L/usr/lib/gcc/x86_64-linux-gnu/5 -L/usr/lib/gcc/x86_64-linux-gnu/5/../../../x86_64-linux-gnu -L/usr/lib/gcc/x86_64-linux-gnu/5/../../../../lib -L/lib/x86_64-linux-gnu -L/lib/../lib -L/usr/lib/x86_64-linux-gnu -L/usr/lib/../lib -L/usr/lib/gcc/x86_64-linux-gnu/5/../../.. CMakeFiles/cmTC_d9746.dir/CMakeCCompilerABI.c.o -lgcc --as-needed -lgcc_s --no-as-needed -lc -lgcc --as-needed -lgcc_s --no-as-needed /usr/lib/gcc/x86_64-linux-gnu/5/crtend.o /usr/lib/gcc/x86_64-linux-gnu/5/../../../x86_64-linux-gnu/crtn.o
make[1]: Leaving directory '/home/howoongjun/gym-gazebo/gym_gazebo/envs/installation/catkin_ws/build/CMakeFiles/CMakeTmp'


Parsed C implicit link information from above output:
  link line regex: [^( *|.*[/\])(ld|([^/\]+-)?ld|collect2)[^/\]*( |$)]
  ignore line: [Change Dir: /home/howoongjun/gym-gazebo/gym_gazebo/envs/installation/catkin_ws/build/CMakeFiles/CMakeTmp]
  ignore line: []
  ignore line: [Run Build Command:"/usr/bin/make" "cmTC_d9746/fast"]
  ignore line: [/usr/bin/make -f CMakeFiles/cmTC_d9746.dir/build.make CMakeFiles/cmTC_d9746.dir/build]
  ignore line: [make[1]: Entering directory '/home/howoongjun/gym-gazebo/gym_gazebo/envs/installation/catkin_ws/build/CMakeFiles/CMakeTmp']
  ignore line: [Building C object CMakeFiles/cmTC_d9746.dir/CMakeCCompilerABI.c.o]
  ignore line: [/usr/bin/cc     -o CMakeFiles/cmTC_d9746.dir/CMakeCCompilerABI.c.o   -c /usr/share/cmake-3.5/Modules/CMakeCCompilerABI.c]
  ignore line: [Linking C executable cmTC_d9746]
  ignore line: [/usr/bin/cmake -E cmake_link_script CMakeFiles/cmTC_d9746.dir/link.txt --verbose=1]
  ignore line: [/usr/bin/cc      -v CMakeFiles/cmTC_d9746.dir/CMakeCCompilerABI.c.o  -o cmTC_d9746 -rdynamic  ]
  ignore line: [Using built-in specs.]
  ignore line: [COLLECT_GCC=/usr/bin/cc]
  ignore line: [COLLECT_LTO_WRAPPER=/usr/lib/gcc/x86_64-linux-gnu/5/lto-wrapper]
  ignore line: [Target: x86_64-linux-gnu]
  ignore line: [Configured with: ../src/configure -v --with-pkgversion='Ubuntu 5.4.0-6ubuntu1~16.04.5' --with-bugurl=file:///usr/share/doc/gcc-5/README.Bugs --enable-languages=c,ada,c++,java,go,d,fortran,objc,obj-c++ --prefix=/usr --program-suffix=-5 --enable-shared --enable-linker-build-id --libexecdir=/usr/lib --without-included-gettext --enable-threads=posix --libdir=/usr/lib --enable-nls --with-sysroot=/ --enable-clocale=gnu --enable-libstdcxx-debug --enable-libstdcxx-time=yes --with-default-libstdcxx-abi=new --enable-gnu-unique-object --disable-vtable-verify --enable-libmpx --enable-plugin --with-system-zlib --disable-browser-plugin --enable-java-awt=gtk --enable-gtk-cairo --with-java-home=/usr/lib/jvm/java-1.5.0-gcj-5-amd64/jre --enable-java-home --with-jvm-root-dir=/usr/lib/jvm/java-1.5.0-gcj-5-amd64 --with-jvm-jar-dir=/usr/lib/jvm-exports/java-1.5.0-gcj-5-amd64 --with-arch-directory=amd64 --with-ecj-jar=/usr/share/java/eclipse-ecj.jar --enable-objc-gc --enable-multiarch --disable-werror --with-arch-32=i686 --with-abi=m64 --with-multilib-list=m32,m64,mx32 --enable-multilib --with-tune=generic --enable-checking=release --build=x86_64-linux-gnu --host=x86_64-linux-gnu --target=x86_64-linux-gnu]
  ignore line: [Thread model: posix]
  ignore line: [gcc version 5.4.0 20160609 (Ubuntu 5.4.0-6ubuntu1~16.04.5) ]
  ignore line: [COMPILER_PATH=/usr/lib/gcc/x86_64-linux-gnu/5/:/usr/lib/gcc/x86_64-linux-gnu/5/:/usr/lib/gcc/x86_64-linux-gnu/:/usr/lib/gcc/x86_64-linux-gnu/5/:/usr/lib/gcc/x86_64-linux-gnu/]
  ignore line: [LIBRARY_PATH=/usr/lib/gcc/x86_64-linux-gnu/5/:/usr/lib/gcc/x86_64-linux-gnu/5/../../../x86_64-linux-gnu/:/usr/lib/gcc/x86_64-linux-gnu/5/../../../../lib/:/lib/x86_64-linux-gnu/:/lib/../lib/:/usr/lib/x86_64-linux-gnu/:/usr/lib/../lib/:/usr/lib/gcc/x86_64-linux-gnu/5/../../../:/lib/:/usr/lib/]
  ignore line: [COLLECT_GCC_OPTIONS='-v' '-o' 'cmTC_d9746' '-rdynamic' '-mtune=generic' '-march=x86-64']
  link line: [ /usr/lib/gcc/x86_64-linux-gnu/5/collect2 -plugin /usr/lib/gcc/x86_64-linux-gnu/5/liblto_plugin.so -plugin-opt=/usr/lib/gcc/x86_64-linux-gnu/5/lto-wrapper -plugin-opt=-fresolution=/tmp/cc3im3Y9.res -plugin-opt=-pass-through=-lgcc -plugin-opt=-pass-through=-lgcc_s -plugin-opt=-pass-through=-lc -plugin-opt=-pass-through=-lgcc -plugin-opt=-pass-through=-lgcc_s --sysroot=/ --build-id --eh-frame-hdr -m elf_x86_64 --hash-style=gnu --as-needed -export-dynamic -dynamic-linker /lib64/ld-linux-x86-64.so.2 -z relro -o cmTC_d9746 /usr/lib/gcc/x86_64-linux-gnu/5/../../../x86_64-linux-gnu/crt1.o /usr/lib/gcc/x86_64-linux-gnu/5/../../../x86_64-linux-gnu/crti.o /usr/lib/gcc/x86_64-linux-gnu/5/crtbegin.o -L/usr/lib/gcc/x86_64-linux-gnu/5 -L/usr/lib/gcc/x86_64-linux-gnu/5/../../../x86_64-linux-gnu -L/usr/lib/gcc/x86_64-linux-gnu/5/../../../../lib -L/lib/x86_64-linux-gnu -L/lib/../lib -L/usr/lib/x86_64-linux-gnu -L/usr/lib/../lib -L/usr/lib/gcc/x86_64-linux-gnu/5/../../.. CMakeFiles/cmTC_d9746.dir/CMakeCCompilerABI.c.o -lgcc --as-needed -lgcc_s --no-as-needed -lc -lgcc --as-needed -lgcc_s --no-as-needed /usr/lib/gcc/x86_64-linux-gnu/5/crtend.o /usr/lib/gcc/x86_64-linux-gnu/5/../../../x86_64-linux-gnu/crtn.o]
    arg [/usr/lib/gcc/x86_64-linux-gnu/5/collect2] ==> ignore
    arg [-plugin] ==> ignore
    arg [/usr/lib/gcc/x86_64-linux-gnu/5/liblto_plugin.so] ==> ignore
    arg [-plugin-opt=/usr/lib/gcc/x86_64-linux-gnu/5/lto-wrapper] ==> ignore
    arg [-plugin-opt=-fresolution=/tmp/cc3im3Y9.res] ==> ignore
    arg [-plugin-opt=-pass-through=-lgcc] ==> ignore
    arg [-plugin-opt=-pass-through=-lgcc_s] ==> ignore
    arg [-plugin-opt=-pass-through=-lc] ==> ignore
    arg [-plugin-opt=-pass-through=-lgcc] ==> ignore
    arg [-plugin-opt=-pass-through=-lgcc_s] ==> ignore
    arg [--sysroot=/] ==> ignore
    arg [--build-id] ==> ignore
    arg [--eh-frame-hdr] ==> ignore
    arg [-m] ==> ignore
    arg [elf_x86_64] ==> ignore
    arg [--hash-style=gnu] ==> ignore
    arg [--as-needed] ==> ignore
    arg [-export-dynamic] ==> ignore
    arg [-dynamic-linker] ==> ignore
    arg [/lib64/ld-linux-x86-64.so.2] ==> ignore
    arg [-zrelro] ==> ignore
    arg [-o] ==> ignore
    arg [cmTC_d9746] ==> ignore
    arg [/usr/lib/gcc/x86_64-linux-gnu/5/../../../x86_64-linux-gnu/crt1.o] ==> ignore
    arg [/usr/lib/gcc/x86_64-linux-gnu/5/../../../x86_64-linux-gnu/crti.o] ==> ignore
    arg [/usr/lib/gcc/x86_64-linux-gnu/5/crtbegin.o] ==> ignore
    arg [-L/usr/lib/gcc/x86_64-linux-gnu/5] ==> dir [/usr/lib/gcc/x86_64-linux-gnu/5]
    arg [-L/usr/lib/gcc/x86_64-linux-gnu/5/../../../x86_64-linux-gnu] ==> dir [/usr/lib/gcc/x86_64-linux-gnu/5/../../../x86_64-linux-gnu]
    arg [-L/usr/lib/gcc/x86_64-linux-gnu/5/../../../../lib] ==> dir [/usr/lib/gcc/x86_64-linux-gnu/5/../../../../lib]
    arg [-L/lib/x86_64-linux-gnu] ==> dir [/lib/x86_64-linux-gnu]
    arg [-L/lib/../lib] ==> dir [/lib/../lib]
    arg [-L/usr/lib/x86_64-linux-gnu] ==> dir [/usr/lib/x86_64-linux-gnu]
    arg [-L/usr/lib/../lib] ==> dir [/usr/lib/../lib]
    arg [-L/usr/lib/gcc/x86_64-linux-gnu/5/../../..] ==> dir [/usr/lib/gcc/x86_64-linux-gnu/5/../../..]
    arg [CMakeFiles/cmTC_d9746.dir/CMakeCCompilerABI.c.o] ==> ignore
    arg [-lgcc] ==> lib [gcc]
    arg [--as-needed] ==> ignore
    arg [-lgcc_s] ==> lib [gcc_s]
    arg [--no-as-needed] ==> ignore
    arg [-lc] ==> lib [c]
    arg [-lgcc] ==> lib [gcc]
    arg [--as-needed] ==> ignore
    arg [-lgcc_s] ==> lib [gcc_s]
    arg [--no-as-needed] ==> ignore
    arg [/usr/lib/gcc/x86_64-linux-gnu/5/crtend.o] ==> ignore
    arg [/usr/lib/gcc/x86_64-linux-gnu/5/../../../x86_64-linux-gnu/crtn.o] ==> ignore
  remove lib [gcc]
  remove lib [gcc_s]
  remove lib [gcc]
  remove lib [gcc_s]
  collapse library dir [/usr/lib/gcc/x86_64-linux-gnu/5] ==> [/usr/lib/gcc/x86_64-linux-gnu/5]
  collapse library dir [/usr/lib/gcc/x86_64-linux-gnu/5/../../../x86_64-linux-gnu] ==> [/usr/lib/x86_64-linux-gnu]
  collapse library dir [/usr/lib/gcc/x86_64-linux-gnu/5/../../../../lib] ==> [/usr/lib]
  collapse library dir [/lib/x86_64-linux-gnu] ==> [/lib/x86_64-linux-gnu]
  collapse library dir [/lib/../lib] ==> [/lib]
  collapse library dir [/usr/lib/x86_64-linux-gnu] ==> [/usr/lib/x86_64-linux-gnu]
  collapse library dir [/usr/lib/../lib] ==> [/usr/lib]
  collapse library dir [/usr/lib/gcc/x86_64-linux-gnu/5/../../..] ==> [/usr/lib]
  implicit libs: [c]
  implicit dirs: [/usr/lib/gcc/x86_64-linux-gnu/5;/usr/lib/x86_64-linux-gnu;/usr/lib;/lib/x86_64-linux-gnu;/lib]
  implicit fwks: []




Detecting C [-std=c11] compiler features compiled with the following output:
Change Dir: /home/howoongjun/gym-gazebo/gym_gazebo/envs/installation/catkin_ws/build/CMakeFiles/CMakeTmp

Run Build Command:"/usr/bin/make" "cmTC_85798/fast"
/usr/bin/make -f CMakeFiles/cmTC_85798.dir/build.make CMakeFiles/cmTC_85798.dir/build
make[1]: Entering directory '/home/howoongjun/gym-gazebo/gym_gazebo/envs/installation/catkin_ws/build/CMakeFiles/CMakeTmp'
Building C object CMakeFiles/cmTC_85798.dir/feature_tests.c.o
/usr/bin/cc    -std=c11 -o CMakeFiles/cmTC_85798.dir/feature_tests.c.o   -c /home/howoongjun/gym-gazebo/gym_gazebo/envs/installation/catkin_ws/build/CMakeFiles/feature_tests.c
Linking C executable cmTC_85798
/usr/bin/cmake -E cmake_link_script CMakeFiles/cmTC_85798.dir/link.txt --verbose=1
/usr/bin/cc       CMakeFiles/cmTC_85798.dir/feature_tests.c.o  -o cmTC_85798 -rdynamic 
make[1]: Leaving directory '/home/howoongjun/gym-gazebo/gym_gazebo/envs/installation/catkin_ws/build/CMakeFiles/CMakeTmp'


    Feature record: C_FEATURE:1c_function_prototypes
    Feature record: C_FEATURE:1c_restrict
    Feature record: C_FEATURE:1c_static_assert
    Feature record: C_FEATURE:1c_variadic_macros


Detecting C [-std=c99] compiler features compiled with the following output:
Change Dir: /home/howoongjun/gym-gazebo/gym_gazebo/envs/installation/catkin_ws/build/CMakeFiles/CMakeTmp

Run Build Command:"/usr/bin/make" "cmTC_bbea7/fast"
/usr/bin/make -f CMakeFiles/cmTC_bbea7.dir/build.make CMakeFiles/cmTC_bbea7.dir/build
make[1]: Entering directory '/home/howoongjun/gym-gazebo/gym_gazebo/envs/installation/catkin_ws/build/CMakeFiles/CMakeTmp'
Building C object CMakeFiles/cmTC_bbea7.dir/feature_tests.c.o
/usr/bin/cc    -std=c99 -o CMakeFiles/cmTC_bbea7.dir/feature_tests.c.o   -c /home/howoongjun/gym-gazebo/gym_gazebo/envs/installation/catkin_ws/build/CMakeFiles/feature_tests.c
Linking C executable cmTC_bbea7
/usr/bin/cmake -E cmake_link_script CMakeFiles/cmTC_bbea7.dir/link.txt --verbose=1
/usr/bin/cc       CMakeFiles/cmTC_bbea7.dir/feature_tests.c.o  -o cmTC_bbea7 -rdynamic 
make[1]: Leaving directory '/home/howoongjun/gym-gazebo/gym_gazebo/envs/installation/catkin_ws/build/CMakeFiles/CMakeTmp'


    Feature record: C_FEATURE:1c_function_prototypes
    Feature record: C_FEATURE:1c_restrict
    Feature record: C_FEATURE:0c_static_assert
    Feature record: C_FEATURE:1c_variadic_macros


Detecting C [-std=c90] compiler features compiled with the following output:
Change Dir: /home/howoongjun/gym-gazebo/gym_gazebo/envs/installation/catkin_ws/build/CMakeFiles/CMakeTmp

Run Build Command:"/usr/bin/make" "cmTC_19d6d/fast"
/usr/bin/make -f CMakeFiles/cmTC_19d6d.dir/build.make CMakeFiles/cmTC_19d6d.dir/build
make[1]: Entering directory '/home/howoongjun/gym-gazebo/gym_gazebo/envs/installation/catkin_ws/build/CMakeFiles/CMakeTmp'
Building C object CMakeFiles/cmTC_19d6d.dir/feature_tests.c.o
/usr/bin/cc    -std=c90 -o CMakeFiles/cmTC_19d6d.dir/feature_tests.c.o   -c /home/howoongjun/gym-gazebo/gym_gazebo/envs/installation/catkin_ws/build/CMakeFiles/feature_tests.c
Linking C executable cmTC_19d6d
/usr/bin/cmake -E cmake_link_script CMakeFiles/cmTC_19d6d.dir/link.txt --verbose=1
/usr/bin/cc       CMakeFiles/cmTC_19d6d.dir/feature_tests.c.o  -o cmTC_19d6d -rdynamic 
make[1]: Leaving directory '/home/howoongjun/gym-gazebo/gym_gazebo/envs/installation/catkin_ws/build/CMakeFiles/CMakeTmp'


    Feature record: C_FEATURE:1c_function_prototypes
    Feature record: C_FEATURE:0c_restrict
    Feature record: C_FEATURE:0c_static_assert
    Feature record: C_FEATURE:0c_variadic_macros
Determining if the CXX compiler works passed with the following output:
Change Dir: /home/howoongjun/gym-gazebo/gym_gazebo/envs/installation/catkin_ws/build/CMakeFiles/CMakeTmp

Run Build Command:"/usr/bin/make" "cmTC_41e43/fast"
/usr/bin/make -f CMakeFiles/cmTC_41e43.dir/build.make CMakeFiles/cmTC_41e43.dir/build
make[1]: Entering directory '/home/howoongjun/gym-gazebo/gym_gazebo/envs/installation/catkin_ws/build/CMakeFiles/CMakeTmp'
Building CXX object CMakeFiles/cmTC_41e43.dir/testCXXCompiler.cxx.o
/usr/bin/c++      -o CMakeFiles/cmTC_41e43.dir/testCXXCompiler.cxx.o -c /home/howoongjun/gym-gazebo/gym_gazebo/envs/installation/catkin_ws/build/CMakeFiles/CMakeTmp/testCXXCompiler.cxx
Linking CXX executable cmTC_41e43
/usr/bin/cmake -E cmake_link_script CMakeFiles/cmTC_41e43.dir/link.txt --verbose=1
/usr/bin/c++        CMakeFiles/cmTC_41e43.dir/testCXXCompiler.cxx.o  -o cmTC_41e43 -rdynamic 
make[1]: Leaving directory '/home/howoongjun/gym-gazebo/gym_gazebo/envs/installation/catkin_ws/build/CMakeFiles/CMakeTmp'


Detecting CXX compiler ABI info compiled with the following output:
Change Dir: /home/howoongjun/gym-gazebo/gym_gazebo/envs/installation/catkin_ws/build/CMakeFiles/CMakeTmp

Run Build Command:"/usr/bin/make" "cmTC_05e95/fast"
/usr/bin/make -f CMakeFiles/cmTC_05e95.dir/build.make CMakeFiles/cmTC_05e95.dir/build
make[1]: Entering directory '/home/howoongjun/gym-gazebo/gym_gazebo/envs/installation/catkin_ws/build/CMakeFiles/CMakeTmp'
Building CXX object CMakeFiles/cmTC_05e95.dir/CMakeCXXCompilerABI.cpp.o
/usr/bin/c++      -o CMakeFiles/cmTC_05e95.dir/CMakeCXXCompilerABI.cpp.o -c /usr/share/cmake-3.5/Modules/CMakeCXXCompilerABI.cpp
Linking CXX executable cmTC_05e95
/usr/bin/cmake -E cmake_link_script CMakeFiles/cmTC_05e95.dir/link.txt --verbose=1
/usr/bin/c++       -v CMakeFiles/cmTC_05e95.dir/CMakeCXXCompilerABI.cpp.o  -o cmTC_05e95 -rdynamic  
Using built-in specs.
COLLECT_GCC=/usr/bin/c++
COLLECT_LTO_WRAPPER=/usr/lib/gcc/x86_64-linux-gnu/5/lto-wrapper
Target: x86_64-linux-gnu
Configured with: ../src/configure -v --with-pkgversion='Ubuntu 5.4.0-6ubuntu1~16.04.5' --with-bugurl=file:///usr/share/doc/gcc-5/README.Bugs --enable-languages=c,ada,c++,java,go,d,fortran,objc,obj-c++ --prefix=/usr --program-suffix=-5 --enable-shared --enable-linker-build-id --libexecdir=/usr/lib --without-included-gettext --enable-threads=posix --libdir=/usr/lib --enable-nls --with-sysroot=/ --enable-clocale=gnu --enable-libstdcxx-debug --enable-libstdcxx-time=yes --with-default-libstdcxx-abi=new --enable-gnu-unique-object --disable-vtable-verify --enable-libmpx --enable-plugin --with-system-zlib --disable-browser-plugin --enable-java-awt=gtk --enable-gtk-cairo --with-java-home=/usr/lib/jvm/java-1.5.0-gcj-5-amd64/jre --enable-java-home --with-jvm-root-dir=/usr/lib/jvm/java-1.5.0-gcj-5-amd64 --with-jvm-jar-dir=/usr/lib/jvm-exports/java-1.5.0-gcj-5-amd64 --with-arch-directory=amd64 --with-ecj-jar=/usr/share/java/eclipse-ecj.jar --enable-objc-gc --enable-multiarch --disable-werror --with-arch-32=i686 --with-abi=m64 --with-multilib-list=m32,m64,mx32 --enable-multilib --with-tune=generic --enable-checking=release --build=x86_64-linux-gnu --host=x86_64-linux-gnu --target=x86_64-linux-gnu
Thread model: posix
gcc version 5.4.0 20160609 (Ubuntu 5.4.0-6ubuntu1~16.04.5) 
COMPILER_PATH=/usr/lib/gcc/x86_64-linux-gnu/5/:/usr/lib/gcc/x86_64-linux-gnu/5/:/usr/lib/gcc/x86_64-linux-gnu/:/usr/lib/gcc/x86_64-linux-gnu/5/:/usr/lib/gcc/x86_64-linux-gnu/
LIBRARY_PATH=/usr/lib/gcc/x86_64-linux-gnu/5/:/usr/lib/gcc/x86_64-linux-gnu/5/../../../x86_64-linux-gnu/:/usr/lib/gcc/x86_64-linux-gnu/5/../../../../lib/:/lib/x86_64-linux-gnu/:/lib/../lib/:/usr/lib/x86_64-linux-gnu/:/usr/lib/../lib/:/usr/lib/gcc/x86_64-linux-gnu/5/../../../:/lib/:/usr/lib/
COLLECT_GCC_OPTIONS='-v' '-o' 'cmTC_05e95' '-rdynamic' '-shared-libgcc' '-mtune=generic' '-march=x86-64'
 /usr/lib/gcc/x86_64-linux-gnu/5/collect2 -plugin /usr/lib/gcc/x86_64-linux-gnu/5/liblto_plugin.so -plugin-opt=/usr/lib/gcc/x86_64-linux-gnu/5/lto-wrapper -plugin-opt=-fresolution=/tmp/ccNU8Wjo.res -plugin-opt=-pass-through=-lgcc_s -plugin-opt=-pass-through=-lgcc -plugin-opt=-pass-through=-lc -plugin-opt=-pass-through=-lgcc_s -plugin-opt=-pass-through=-lgcc --sysroot=/ --build-id --eh-frame-hdr -m elf_x86_64 --hash-style=gnu --as-needed -export-dynamic -dynamic-linker /lib64/ld-linux-x86-64.so.2 -z relro -o cmTC_05e95 /usr/lib/gcc/x86_64-linux-gnu/5/../../../x86_64-linux-gnu/crt1.o /usr/lib/gcc/x86_64-linux-gnu/5/../../../x86_64-linux-gnu/crti.o /usr/lib/gcc/x86_64-linux-gnu/5/crtbegin.o -L/usr/lib/gcc/x86_64-linux-gnu/5 -L/usr/lib/gcc/x86_64-linux-gnu/5/../../../x86_64-linux-gnu -L/usr/lib/gcc/x86_64-linux-gnu/5/../../../../lib -L/lib/x86_64-linux-gnu -L/lib/../lib -L/usr/lib/x86_64-linux-gnu -L/usr/lib/../lib -L/usr/lib/gcc/x86_64-linux-gnu/5/../../.. CMakeFiles/cmTC_05e95.dir/CMakeCXXCompilerABI.cpp.o -lstdc++ -lm -lgcc_s -lgcc -lc -lgcc_s -lgcc /usr/lib/gcc/x86_64-linux-gnu/5/crtend.o /usr/lib/gcc/x86_64-linux-gnu/5/../../../x86_64-linux-gnu/crtn.o
make[1]: Leaving directory '/home/howoongjun/gym-gazebo/gym_gazebo/envs/installation/catkin_ws/build/CMakeFiles/CMakeTmp'


Parsed CXX implicit link information from above output:
  link line regex: [^( *|.*[/\])(ld|([^/\]+-)?ld|collect2)[^/\]*( |$)]
  ignore line: [Change Dir: /home/howoongjun/gym-gazebo/gym_gazebo/envs/installation/catkin_ws/build/CMakeFiles/CMakeTmp]
  ignore line: []
  ignore line: [Run Build Command:"/usr/bin/make" "cmTC_05e95/fast"]
  ignore line: [/usr/bin/make -f CMakeFiles/cmTC_05e95.dir/build.make CMakeFiles/cmTC_05e95.dir/build]
  ignore line: [make[1]: Entering directory '/home/howoongjun/gym-gazebo/gym_gazebo/envs/installation/catkin_ws/build/CMakeFiles/CMakeTmp']
  ignore line: [Building CXX object CMakeFiles/cmTC_05e95.dir/CMakeCXXCompilerABI.cpp.o]
  ignore line: [/usr/bin/c++      -o CMakeFiles/cmTC_05e95.dir/CMakeCXXCompilerABI.cpp.o -c /usr/share/cmake-3.5/Modules/CMakeCXXCompilerABI.cpp]
  ignore line: [Linking CXX executable cmTC_05e95]
  ignore line: [/usr/bin/cmake -E cmake_link_script CMakeFiles/cmTC_05e95.dir/link.txt --verbose=1]
  ignore line: [/usr/bin/c++       -v CMakeFiles/cmTC_05e95.dir/CMakeCXXCompilerABI.cpp.o  -o cmTC_05e95 -rdynamic  ]
  ignore line: [Using built-in specs.]
  ignore line: [COLLECT_GCC=/usr/bin/c++]
  ignore line: [COLLECT_LTO_WRAPPER=/usr/lib/gcc/x86_64-linux-gnu/5/lto-wrapper]
  ignore line: [Target: x86_64-linux-gnu]
  ignore line: [Configured with: ../src/configure -v --with-pkgversion='Ubuntu 5.4.0-6ubuntu1~16.04.5' --with-bugurl=file:///usr/share/doc/gcc-5/README.Bugs --enable-languages=c,ada,c++,java,go,d,fortran,objc,obj-c++ --prefix=/usr --program-suffix=-5 --enable-shared --enable-linker-build-id --libexecdir=/usr/lib --without-included-gettext --enable-threads=posix --libdir=/usr/lib --enable-nls --with-sysroot=/ --enable-clocale=gnu --enable-libstdcxx-debug --enable-libstdcxx-time=yes --with-default-libstdcxx-abi=new --enable-gnu-unique-object --disable-vtable-verify --enable-libmpx --enable-plugin --with-system-zlib --disable-browser-plugin --enable-java-awt=gtk --enable-gtk-cairo --with-java-home=/usr/lib/jvm/java-1.5.0-gcj-5-amd64/jre --enable-java-home --with-jvm-root-dir=/usr/lib/jvm/java-1.5.0-gcj-5-amd64 --with-jvm-jar-dir=/usr/lib/jvm-exports/java-1.5.0-gcj-5-amd64 --with-arch-directory=amd64 --with-ecj-jar=/usr/share/java/eclipse-ecj.jar --enable-objc-gc --enable-multiarch --disable-werror --with-arch-32=i686 --with-abi=m64 --with-multilib-list=m32,m64,mx32 --enable-multilib --with-tune=generic --enable-checking=release --build=x86_64-linux-gnu --host=x86_64-linux-gnu --target=x86_64-linux-gnu]
  ignore line: [Thread model: posix]
  ignore line: [gcc version 5.4.0 20160609 (Ubuntu 5.4.0-6ubuntu1~16.04.5) ]
  ignore line: [COMPILER_PATH=/usr/lib/gcc/x86_64-linux-gnu/5/:/usr/lib/gcc/x86_64-linux-gnu/5/:/usr/lib/gcc/x86_64-linux-gnu/:/usr/lib/gcc/x86_64-linux-gnu/5/:/usr/lib/gcc/x86_64-linux-gnu/]
  ignore line: [LIBRARY_PATH=/usr/lib/gcc/x86_64-linux-gnu/5/:/usr/lib/gcc/x86_64-linux-gnu/5/../../../x86_64-linux-gnu/:/usr/lib/gcc/x86_64-linux-gnu/5/../../../../lib/:/lib/x86_64-linux-gnu/:/lib/../lib/:/usr/lib/x86_64-linux-gnu/:/usr/lib/../lib/:/usr/lib/gcc/x86_64-linux-gnu/5/../../../:/lib/:/usr/lib/]
  ignore line: [COLLECT_GCC_OPTIONS='-v' '-o' 'cmTC_05e95' '-rdynamic' '-shared-libgcc' '-mtune=generic' '-march=x86-64']
  link line: [ /usr/lib/gcc/x86_64-linux-gnu/5/collect2 -plugin /usr/lib/gcc/x86_64-linux-gnu/5/liblto_plugin.so -plugin-opt=/usr/lib/gcc/x86_64-linux-gnu/5/lto-wrapper -plugin-opt=-fresolution=/tmp/ccNU8Wjo.res -plugin-opt=-pass-through=-lgcc_s -plugin-opt=-pass-through=-lgcc -plugin-opt=-pass-through=-lc -plugin-opt=-pass-through=-lgcc_s -plugin-opt=-pass-through=-lgcc --sysroot=/ --build-id --eh-frame-hdr -m elf_x86_64 --hash-style=gnu --as-needed -export-dynamic -dynamic-linker /lib64/ld-linux-x86-64.so.2 -z relro -o cmTC_05e95 /usr/lib/gcc/x86_64-linux-gnu/5/../../../x86_64-linux-gnu/crt1.o /usr/lib/gcc/x86_64-linux-gnu/5/../../../x86_64-linux-gnu/crti.o /usr/lib/gcc/x86_64-linux-gnu/5/crtbegin.o -L/usr/lib/gcc/x86_64-linux-gnu/5 -L/usr/lib/gcc/x86_64-linux-gnu/5/../../../x86_64-linux-gnu -L/usr/lib/gcc/x86_64-linux-gnu/5/../../../../lib -L/lib/x86_64-linux-gnu -L/lib/../lib -L/usr/lib/x86_64-linux-gnu -L/usr/lib/../lib -L/usr/lib/gcc/x86_64-linux-gnu/5/../../.. CMakeFiles/cmTC_05e95.dir/CMakeCXXCompilerABI.cpp.o -lstdc++ -lm -lgcc_s -lgcc -lc -lgcc_s -lgcc /usr/lib/gcc/x86_64-linux-gnu/5/crtend.o /usr/lib/gcc/x86_64-linux-gnu/5/../../../x86_64-linux-gnu/crtn.o]
    arg [/usr/lib/gcc/x86_64-linux-gnu/5/collect2] ==> ignore
    arg [-plugin] ==> ignore
    arg [/usr/lib/gcc/x86_64-linux-gnu/5/liblto_plugin.so] ==> ignore
    arg [-plugin-opt=/usr/lib/gcc/x86_64-linux-gnu/5/lto-wrapper] ==> ignore
    arg [-plugin-opt=-fresolution=/tmp/ccNU8Wjo.res] ==> ignore
    arg [-plugin-opt=-pass-through=-lgcc_s] ==> ignore
    arg [-plugin-opt=-pass-through=-lgcc] ==> ignore
    arg [-plugin-opt=-pass-through=-lc] ==> ignore
    arg [-plugin-opt=-pass-through=-lgcc_s] ==> ignore
    arg [-plugin-opt=-pass-through=-lgcc] ==> ignore
    arg [--sysroot=/] ==> ignore
    arg [--build-id] ==> ignore
    arg [--eh-frame-hdr] ==> ignore
    arg [-m] ==> ignore
    arg [elf_x86_64] ==> ignore
    arg [--hash-style=gnu] ==> ignore
    arg [--as-needed] ==> ignore
    arg [-export-dynamic] ==> ignore
    arg [-dynamic-linker] ==> ignore
    arg [/lib64/ld-linux-x86-64.so.2] ==> ignore
    arg [-zrelro] ==> ignore
    arg [-o] ==> ignore
    arg [cmTC_05e95] ==> ignore
    arg [/usr/lib/gcc/x86_64-linux-gnu/5/../../../x86_64-linux-gnu/crt1.o] ==> ignore
    arg [/usr/lib/gcc/x86_64-linux-gnu/5/../../../x86_64-linux-gnu/crti.o] ==> ignore
    arg [/usr/lib/gcc/x86_64-linux-gnu/5/crtbegin.o] ==> ignore
    arg [-L/usr/lib/gcc/x86_64-linux-gnu/5] ==> dir [/usr/lib/gcc/x86_64-linux-gnu/5]
    arg [-L/usr/lib/gcc/x86_64-linux-gnu/5/../../../x86_64-linux-gnu] ==> dir [/usr/lib/gcc/x86_64-linux-gnu/5/../../../x86_64-linux-gnu]
    arg [-L/usr/lib/gcc/x86_64-linux-gnu/5/../../../../lib] ==> dir [/usr/lib/gcc/x86_64-linux-gnu/5/../../../../lib]
    arg [-L/lib/x86_64-linux-gnu] ==> dir [/lib/x86_64-linux-gnu]
    arg [-L/lib/../lib] ==> dir [/lib/../lib]
    arg [-L/usr/lib/x86_64-linux-gnu] ==> dir [/usr/lib/x86_64-linux-gnu]
    arg [-L/usr/lib/../lib] ==> dir [/usr/lib/../lib]
    arg [-L/usr/lib/gcc/x86_64-linux-gnu/5/../../..] ==> dir [/usr/lib/gcc/x86_64-linux-gnu/5/../../..]
    arg [CMakeFiles/cmTC_05e95.dir/CMakeCXXCompilerABI.cpp.o] ==> ignore
    arg [-lstdc++] ==> lib [stdc++]
    arg [-lm] ==> lib [m]
    arg [-lgcc_s] ==> lib [gcc_s]
    arg [-lgcc] ==> lib [gcc]
    arg [-lc] ==> lib [c]
    arg [-lgcc_s] ==> lib [gcc_s]
    arg [-lgcc] ==> lib [gcc]
    arg [/usr/lib/gcc/x86_64-linux-gnu/5/crtend.o] ==> ignore
    arg [/usr/lib/gcc/x86_64-linux-gnu/5/../../../x86_64-linux-gnu/crtn.o] ==> ignore
  remove lib [gcc_s]
  remove lib [gcc]
  remove lib [gcc_s]
  remove lib [gcc]
  collapse library dir [/usr/lib/gcc/x86_64-linux-gnu/5] ==> [/usr/lib/gcc/x86_64-linux-gnu/5]
  collapse library dir [/usr/lib/gcc/x86_64-linux-gnu/5/../../../x86_64-linux-gnu] ==> [/usr/lib/x86_64-linux-gnu]
  collapse library dir [/usr/lib/gcc/x86_64-linux-gnu/5/../../../../lib] ==> [/usr/lib]
  collapse library dir [/lib/x86_64-linux-gnu] ==> [/lib/x86_64-linux-gnu]
  collapse library dir [/lib/../lib] ==> [/lib]
  collapse library dir [/usr/lib/x86_64-linux-gnu] ==> [/usr/lib/x86_64-linux-gnu]
  collapse library dir [/usr/lib/../lib] ==> [/usr/lib]
  collapse library dir [/usr/lib/gcc/x86_64-linux-gnu/5/../../..] ==> [/usr/lib]
  implicit libs: [stdc++;m;c]
  implicit dirs: [/usr/lib/gcc/x86_64-linux-gnu/5;/usr/lib/x86_64-linux-gnu;/usr/lib;/lib/x86_64-linux-gnu;/lib]
  implicit fwks: []




Detecting CXX [-std=c++14] compiler features compiled with the following output:
Change Dir: /home/howoongjun/gym-gazebo/gym_gazebo/envs/installation/catkin_ws/build/CMakeFiles/CMakeTmp

Run Build Command:"/usr/bin/make" "cmTC_b85c9/fast"
/usr/bin/make -f CMakeFiles/cmTC_b85c9.dir/build.make CMakeFiles/cmTC_b85c9.dir/build
make[1]: Entering directory '/home/howoongjun/gym-gazebo/gym_gazebo/envs/installation/catkin_ws/build/CMakeFiles/CMakeTmp'
Building CXX object CMakeFiles/cmTC_b85c9.dir/feature_tests.cxx.o
/usr/bin/c++     -std=c++14 -o CMakeFiles/cmTC_b85c9.dir/feature_tests.cxx.o -c /home/howoongjun/gym-gazebo/gym_gazebo/envs/installation/catkin_ws/build/CMakeFiles/feature_tests.cxx
Linking CXX executable cmTC_b85c9
/usr/bin/cmake -E cmake_link_script CMakeFiles/cmTC_b85c9.dir/link.txt --verbose=1
/usr/bin/c++        CMakeFiles/cmTC_b85c9.dir/feature_tests.cxx.o  -o cmTC_b85c9 -rdynamic 
make[1]: Leaving directory '/home/howoongjun/gym-gazebo/gym_gazebo/envs/installation/catkin_ws/build/CMakeFiles/CMakeTmp'


    Feature record: CXX_FEATURE:1cxx_aggregate_default_initializers
    Feature record: CXX_FEATURE:1cxx_alias_templates
    Feature record: CXX_FEATURE:1cxx_alignas
    Feature record: CXX_FEATURE:1cxx_alignof
    Feature record: CXX_FEATURE:1cxx_attributes
    Feature record: CXX_FEATURE:1cxx_attribute_deprecated
    Feature record: CXX_FEATURE:1cxx_auto_type
    Feature record: CXX_FEATURE:1cxx_binary_literals
    Feature record: CXX_FEATURE:1cxx_constexpr
    Feature record: CXX_FEATURE:1cxx_contextual_conversions
    Feature record: CXX_FEATURE:1cxx_decltype
    Feature record: CXX_FEATURE:1cxx_decltype_auto
    Feature record: CXX_FEATURE:1cxx_decltype_incomplete_return_types
    Feature record: CXX_FEATURE:1cxx_default_function_template_args
    Feature record: CXX_FEATURE:1cxx_defaulted_functions
    Feature record: CXX_FEATURE:1cxx_defaulted_move_initializers
    Feature record: CXX_FEATURE:1cxx_delegating_constructors
    Feature record: CXX_FEATURE:1cxx_deleted_functions
    Feature record: CXX_FEATURE:1cxx_digit_separators
    Feature record: CXX_FEATURE:1cxx_enum_forward_declarations
    Feature record: CXX_FEATURE:1cxx_explicit_conversions
    Feature record: CXX_FEATURE:1cxx_extended_friend_declarations
    Feature record: CXX_FEATURE:1cxx_extern_templates
    Feature record: CXX_FEATURE:1cxx_final
    Feature record: CXX_FEATURE:1cxx_func_identifier
    Feature record: CXX_FEATURE:1cxx_generalized_initializers
    Feature record: CXX_FEATURE:1cxx_generic_lambdas
    Feature record: CXX_FEATURE:1cxx_inheriting_constructors
    Feature record: CXX_FEATURE:1cxx_inline_namespaces
    Feature record: CXX_FEATURE:1cxx_lambdas
    Feature record: CXX_FEATURE:1cxx_lambda_init_captures
    Feature record: CXX_FEATURE:1cxx_local_type_template_args
    Feature record: CXX_FEATURE:1cxx_long_long_type
    Feature record: CXX_FEATURE:1cxx_noexcept
    Feature record: CXX_FEATURE:1cxx_nonstatic_member_init
    Feature record: CXX_FEATURE:1cxx_nullptr
    Feature record: CXX_FEATURE:1cxx_override
    Feature record: CXX_FEATURE:1cxx_range_for
    Feature record: CXX_FEATURE:1cxx_raw_string_literals
    Feature record: CXX_FEATURE:1cxx_reference_qualified_functions
    Feature record: CXX_FEATURE:1cxx_relaxed_constexpr
    Feature record: CXX_FEATURE:1cxx_return_type_deduction
    Feature record: CXX_FEATURE:1cxx_right_angle_brackets
    Feature record: CXX_FEATURE:1cxx_rvalue_references
    Feature record: CXX_FEATURE:1cxx_sizeof_member
    Feature record: CXX_FEATURE:1cxx_static_assert
    Feature record: CXX_FEATURE:1cxx_strong_enums
    Feature record: CXX_FEATURE:1cxx_template_template_parameters
    Feature record: CXX_FEATURE:1cxx_thread_local
    Feature record: CXX_FEATURE:1cxx_trailing_return_types
    Feature record: CXX_FEATURE:1cxx_unicode_literals
    Feature record: CXX_FEATURE:1cxx_uniform_initialization
    Feature record: CXX_FEATURE:1cxx_unrestricted_unions
    Feature record: CXX_FEATURE:1cxx_user_literals
    Feature record: CXX_FEATURE:1cxx_variable_templates
    Feature record: CXX_FEATURE:1cxx_variadic_macros
    Feature record: CXX_FEATURE:1cxx_variadic_templates


Detecting CXX [-std=c++11] compiler features compiled with the following output:
Change Dir: /home/howoongjun/gym-gazebo/gym_gazebo/envs/installation/catkin_ws/build/CMakeFiles/CMakeTmp

Run Build Command:"/usr/bin/make" "cmTC_03445/fast"
/usr/bin/make -f CMakeFiles/cmTC_03445.dir/build.make CMakeFiles/cmTC_03445.dir/build
make[1]: Entering directory '/home/howoongjun/gym-gazebo/gym_gazebo/envs/installation/catkin_ws/build/CMakeFiles/CMakeTmp'
Building CXX object CMakeFiles/cmTC_03445.dir/feature_tests.cxx.o
/usr/bin/c++     -std=c++11 -o CMakeFiles/cmTC_03445.dir/feature_tests.cxx.o -c /home/howoongjun/gym-gazebo/gym_gazebo/envs/installation/catkin_ws/build/CMakeFiles/feature_tests.cxx
Linking CXX executable cmTC_03445
/usr/bin/cmake -E cmake_link_script CMakeFiles/cmTC_03445.dir/link.txt --verbose=1
/usr/bin/c++        CMakeFiles/cmTC_03445.dir/feature_tests.cxx.o  -o cmTC_03445 -rdynamic 
make[1]: Leaving directory '/home/howoongjun/gym-gazebo/gym_gazebo/envs/installation/catkin_ws/build/CMakeFiles/CMakeTmp'


    Feature record: CXX_FEATURE:0cxx_aggregate_default_initializers
    Feature record: CXX_FEATURE:1cxx_alias_templates
    Feature record: CXX_FEATURE:1cxx_alignas
    Feature record: CXX_FEATURE:1cxx_alignof
    Feature record: CXX_FEATURE:1cxx_attributes
    Feature record: CXX_FEATURE:0cxx_attribute_deprecated
    Feature record: CXX_FEATURE:1cxx_auto_type
    Feature record: CXX_FEATURE:0cxx_binary_literals
    Feature record: CXX_FEATURE:1cxx_constexpr
    Feature record: CXX_FEATURE:0cxx_contextual_conversions
    Feature record: CXX_FEATURE:1cxx_decltype
    Feature record: CXX_FEATURE:0cxx_decltype_auto
    Feature record: CXX_FEATURE:1cxx_decltype_incomplete_return_types
    Feature record: CXX_FEATURE:1cxx_default_function_template_args
    Feature record: CXX_FEATURE:1cxx_defaulted_functions
    Feature record: CXX_FEATURE:1cxx_defaulted_move_initializers
    Feature record: CXX_FEATURE:1cxx_delegating_constructors
    Feature record: CXX_FEATURE:1cxx_deleted_functions
    Feature record: CXX_FEATURE:0cxx_digit_separators
    Feature record: CXX_FEATURE:1cxx_enum_forward_declarations
    Feature record: CXX_FEATURE:1cxx_explicit_conversions
    Feature record: CXX_FEATURE:1cxx_extended_friend_declarations
    Feature record: CXX_FEATURE:1cxx_extern_templates
    Feature record: CXX_FEATURE:1cxx_final
    Feature record: CXX_FEATURE:1cxx_func_identifier
    Feature record: CXX_FEATURE:1cxx_generalized_initializers
    Feature record: CXX_FEATURE:0cxx_generic_lambdas
    Feature record: CXX_FEATURE:1cxx_inheriting_constructors
    Feature record: CXX_FEATURE:1cxx_inline_namespaces
    Feature record: CXX_FEATURE:1cxx_lambdas
    Feature record: CXX_FEATURE:0cxx_lambda_init_captures
    Feature record: CXX_FEATURE:1cxx_local_type_template_args
    Feature record: CXX_FEATURE:1cxx_long_long_type
    Feature record: CXX_FEATURE:1cxx_noexcept
    Feature record: CXX_FEATURE:1cxx_nonstatic_member_init
    Feature record: CXX_FEATURE:1cxx_nullptr
    Feature record: CXX_FEATURE:1cxx_override
    Feature record: CXX_FEATURE:1cxx_range_for
    Feature record: CXX_FEATURE:1cxx_raw_string_literals
    Feature record: CXX_FEATURE:1cxx_reference_qualified_functions
    Feature record: CXX_FEATURE:0cxx_relaxed_constexpr
    Feature record: CXX_FEATURE:0cxx_return_type_deduction
    Feature record: CXX_FEATURE:1cxx_right_angle_brackets
    Feature record: CXX_FEATURE:1cxx_rvalue_references
    Feature record: CXX_FEATURE:1cxx_sizeof_member
    Feature record: CXX_FEATURE:1cxx_static_assert
    Feature record: CXX_FEATURE:1cxx_strong_enums
    Feature record: CXX_FEATURE:1cxx_template_template_parameters
    Feature record: CXX_FEATURE:1cxx_thread_local
    Feature record: CXX_FEATURE:1cxx_trailing_return_types
    Feature record: CXX_FEATURE:1cxx_unicode_literals
    Feature record: CXX_FEATURE:1cxx_uniform_initialization
    Feature record: CXX_FEATURE:1cxx_unrestricted_unions
    Feature record: CXX_FEATURE:1cxx_user_literals
    Feature record: CXX_FEATURE:0cxx_variable_templates
    Feature record: CXX_FEATURE:1cxx_variadic_macros
    Feature record: CXX_FEATURE:1cxx_variadic_templates


Detecting CXX [-std=c++98] compiler features compiled with the following output:
Change Dir: /home/howoongjun/gym-gazebo/gym_gazebo/envs/installation/catkin_ws/build/CMakeFiles/CMakeTmp

Run Build Command:"/usr/bin/make" "cmTC_1c0c3/fast"
/usr/bin/make -f CMakeFiles/cmTC_1c0c3.dir/build.make CMakeFiles/cmTC_1c0c3.dir/build
make[1]: Entering directory '/home/howoongjun/gym-gazebo/gym_gazebo/envs/installation/catkin_ws/build/CMakeFiles/CMakeTmp'
Building CXX object CMakeFiles/cmTC_1c0c3.dir/feature_tests.cxx.o
/usr/bin/c++     -std=c++98 -o CMakeFiles/cmTC_1c0c3.dir/feature_tests.cxx.o -c /home/howoongjun/gym-gazebo/gym_gazebo/envs/installation/catkin_ws/build/CMakeFiles/feature_tests.cxx
Linking CXX executable cmTC_1c0c3
/usr/bin/cmake -E cmake_link_script CMakeFiles/cmTC_1c0c3.dir/link.txt --verbose=1
/usr/bin/c++        CMakeFiles/cmTC_1c0c3.dir/feature_tests.cxx.o  -o cmTC_1c0c3 -rdynamic 
make[1]: Leaving directory '/home/howoongjun/gym-gazebo/gym_gazebo/envs/installation/catkin_ws/build/CMakeFiles/CMakeTmp'


    Feature record: CXX_FEATURE:0cxx_aggregate_default_initializers
    Feature record: CXX_FEATURE:0cxx_alias_templates
    Feature record: CXX_FEATURE:0cxx_alignas
    Feature record: CXX_FEATURE:0cxx_alignof
    Feature record: CXX_FEATURE:0cxx_attributes
    Feature record: CXX_FEATURE:0cxx_attribute_deprecated
    Feature record: CXX_FEATURE:0cxx_auto_type
    Feature record: CXX_FEATURE:0cxx_binary_literals
    Feature record: CXX_FEATURE:0cxx_constexpr
    Feature record: CXX_FEATURE:0cxx_contextual_conversions
    Feature record: CXX_FEATURE:0cxx_decltype
    Feature record: CXX_FEATURE:0cxx_decltype_auto
    Feature record: CXX_FEATURE:0cxx_decltype_incomplete_return_types
    Feature record: CXX_FEATURE:0cxx_default_function_template_args
    Feature record: CXX_FEATURE:0cxx_defaulted_functions
    Feature record: CXX_FEATURE:0cxx_defaulted_move_initializers
    Feature record: CXX_FEATURE:0cxx_delegating_constructors
    Feature record: CXX_FEATURE:0cxx_deleted_functions
    Feature record: CXX_FEATURE:0cxx_digit_separators
    Feature record: CXX_FEATURE:0cxx_enum_forward_declarations
    Feature record: CXX_FEATURE:0cxx_explicit_conversions
    Feature record: CXX_FEATURE:0cxx_extended_friend_declarations
    Feature record: CXX_FEATURE:0cxx_extern_templates
    Feature record: CXX_FEATURE:0cxx_final
    Feature record: CXX_FEATURE:0cxx_func_identifier
    Feature record: CXX_FEATURE:0cxx_generalized_initializers
    Feature record: CXX_FEATURE:0cxx_generic_lambdas
    Feature record: CXX_FEATURE:0cxx_inheriting_constructors
    Feature record: CXX_FEATURE:0cxx_inline_namespaces
    Feature record: CXX_FEATURE:0cxx_lambdas
    Feature record: CXX_FEATURE:0cxx_lambda_init_captures
    Feature record: CXX_FEATURE:0cxx_local_type_template_args
    Feature record: CXX_FEATURE:0cxx_long_long_type
    Feature record: CXX_FEATURE:0cxx_noexcept
    Feature record: CXX_FEATURE:0cxx_nonstatic_member_init
    Feature record: CXX_FEATURE:0cxx_nullptr
    Feature record: CXX_FEATURE:0cxx_override
    Feature record: CXX_FEATURE:0cxx_range_for
    Feature record: CXX_FEATURE:0cxx_raw_string_literals
    Feature record: CXX_FEATURE:0cxx_reference_qualified_functions
    Feature record: CXX_FEATURE:0cxx_relaxed_constexpr
    Feature record: CXX_FEATURE:0cxx_return_type_deduction
    Feature record: CXX_FEATURE:0cxx_right_angle_brackets
    Feature record: CXX_FEATURE:0cxx_rvalue_references
    Feature record: CXX_FEATURE:0cxx_sizeof_member
    Feature record: CXX_FEATURE:0cxx_static_assert
    Feature record: CXX_FEATURE:0cxx_strong_enums
    Feature record: CXX_FEATURE:1cxx_template_template_parameters
    Feature record: CXX_FEATURE:0cxx_thread_local
    Feature record: CXX_FEATURE:0cxx_trailing_return_types
    Feature record: CXX_FEATURE:0cxx_unicode_literals
    Feature record: CXX_FEATURE:0cxx_uniform_initialization
    Feature record: CXX_FEATURE:0cxx_unrestricted_unions
    Feature record: CXX_FEATURE:0cxx_user_literals
    Feature record: CXX_FEATURE:0cxx_variable_templates
    Feature record: CXX_FEATURE:0cxx_variadic_macros
    Feature record: CXX_FEATURE:0cxx_variadic_templates
Determining if the include file pthread.h exists passed with the following output:
Change Dir: /home/howoongjun/gym-gazebo/gym_gazebo/envs/installation/catkin_ws/build/CMakeFiles/CMakeTmp

Run Build Command:"/usr/bin/make" "cmTC_52d27/fast"
/usr/bin/make -f CMakeFiles/cmTC_52d27.dir/build.make CMakeFiles/cmTC_52d27.dir/build
make[1]: Entering directory '/home/howoongjun/gym-gazebo/gym_gazebo/envs/installation/catkin_ws/build/CMakeFiles/CMakeTmp'
Building C object CMakeFiles/cmTC_52d27.dir/CheckIncludeFile.c.o
/usr/bin/cc     -o CMakeFiles/cmTC_52d27.dir/CheckIncludeFile.c.o   -c /home/howoongjun/gym-gazebo/gym_gazebo/envs/installation/catkin_ws/build/CMakeFiles/CMakeTmp/CheckIncludeFile.c
Linking C executable cmTC_52d27
/usr/bin/cmake -E cmake_link_script CMakeFiles/cmTC_52d27.dir/link.txt --verbose=1
/usr/bin/cc       CMakeFiles/cmTC_52d27.dir/CheckIncludeFile.c.o  -o cmTC_52d27 -rdynamic 
make[1]: Leaving directory '/home/howoongjun/gym-gazebo/gym_gazebo/envs/installation/catkin_ws/build/CMakeFiles/CMakeTmp'


Determining if the function pthread_create exists in the pthread passed with the following output:
Change Dir: /home/howoongjun/gym-gazebo/gym_gazebo/envs/installation/catkin_ws/build/CMakeFiles/CMakeTmp

Run Build Command:"/usr/bin/make" "cmTC_0b011/fast"
/usr/bin/make -f CMakeFiles/cmTC_0b011.dir/build.make CMakeFiles/cmTC_0b011.dir/build
make[1]: Entering directory '/home/howoongjun/gym-gazebo/gym_gazebo/envs/installation/catkin_ws/build/CMakeFiles/CMakeTmp'
Building C object CMakeFiles/cmTC_0b011.dir/CheckFunctionExists.c.o
/usr/bin/cc    -DCHECK_FUNCTION_EXISTS=pthread_create   -o CMakeFiles/cmTC_0b011.dir/CheckFunctionExists.c.o   -c /usr/share/cmake-3.5/Modules/CheckFunctionExists.c
Linking C executable cmTC_0b011
/usr/bin/cmake -E cmake_link_script CMakeFiles/cmTC_0b011.dir/link.txt --verbose=1
/usr/bin/cc   -DCHECK_FUNCTION_EXISTS=pthread_create    CMakeFiles/cmTC_0b011.dir/CheckFunctionExists.c.o  -o cmTC_0b011 -rdynamic -lpthread 
make[1]: Leaving directory '/home/howoongjun/gym-gazebo/gym_gazebo/envs/installation/catkin_ws/build/CMakeFiles/CMakeTmp'


Determining if the _POSIX_VERSION exist passed with the following output:
Change Dir: /home/howoongjun/gym-gazebo/gym_gazebo/envs/installation/catkin_ws/build/CMakeFiles/CMakeTmp

Run Build Command:"/usr/bin/make" "cmTC_b4ee7/fast"
/usr/bin/make -f CMakeFiles/cmTC_b4ee7.dir/build.make CMakeFiles/cmTC_b4ee7.dir/build
make[1]: Entering directory '/home/howoongjun/gym-gazebo/gym_gazebo/envs/installation/catkin_ws/build/CMakeFiles/CMakeTmp'
Building C object CMakeFiles/cmTC_b4ee7.dir/CheckSymbolExists.c.o
/usr/bin/cc     -o CMakeFiles/cmTC_b4ee7.dir/CheckSymbolExists.c.o   -c /home/howoongjun/gym-gazebo/gym_gazebo/envs/installation/catkin_ws/build/CMakeFiles/CMakeTmp/CheckSymbolExists.c
Linking C executable cmTC_b4ee7
/usr/bin/cmake -E cmake_link_script CMakeFiles/cmTC_b4ee7.dir/link.txt --verbose=1
/usr/bin/cc       CMakeFiles/cmTC_b4ee7.dir/CheckSymbolExists.c.o  -o cmTC_b4ee7 -rdynamic 
make[1]: Leaving directory '/home/howoongjun/gym-gazebo/gym_gazebo/envs/installation/catkin_ws/build/CMakeFiles/CMakeTmp'

File /home/howoongjun/gym-gazebo/gym_gazebo/envs/installation/catkin_ws/build/CMakeFiles/CMakeTmp/CheckSymbolExists.c:
/* */
#include <unistd.h>

int main(int argc, char** argv)
{
  (void)argv;
#ifndef _POSIX_VERSION
  return ((int*)(&_POSIX_VERSION))[argc];
#else
  (void)argc;
  return 0;
#endif
}

Determining if the function realpath exists in the rt passed with the following output:
Change Dir: /home/howoongjun/gym-gazebo/gym_gazebo/envs/installation/catkin_ws/build/CMakeFiles/CMakeTmp

Run Build Command:"/usr/bin/make" "cmTC_77fb9/fast"
/usr/bin/make -f CMakeFiles/cmTC_77fb9.dir/build.make CMakeFiles/cmTC_77fb9.dir/build
make[1]: Entering directory '/home/howoongjun/gym-gazebo/gym_gazebo/envs/installation/catkin_ws/build/CMakeFiles/CMakeTmp'
Building C object CMakeFiles/cmTC_77fb9.dir/CheckFunctionExists.c.o
/usr/bin/cc    -DCHECK_FUNCTION_EXISTS=realpath   -o CMakeFiles/cmTC_77fb9.dir/CheckFunctionExists.c.o   -c /usr/share/cmake-3.5/Modules/CheckFunctionExists.c
Linking C executable cmTC_77fb9
/usr/bin/cmake -E cmake_link_script CMakeFiles/cmTC_77fb9.dir/link.txt --verbose=1
/usr/bin/cc   -DCHECK_FUNCTION_EXISTS=realpath    CMakeFiles/cmTC_77fb9.dir/CheckFunctionExists.c.o  -o cmTC_77fb9 -rdynamic -lrt 
make[1]: Leaving directory '/home/howoongjun/gym-gazebo/gym_gazebo/envs/installation/catkin_ws/build/CMakeFiles/CMakeTmp'


Determining if the function clock_nanosleep exists in the rt passed with the following output:
Change Dir: /home/howoongjun/gym-gazebo/gym_gazebo/envs/installation/catkin_ws/build/CMakeFiles/CMakeTmp

Run Build Command:"/usr/bin/make" "cmTC_fc1bf/fast"
/usr/bin/make -f CMakeFiles/cmTC_fc1bf.dir/build.make CMakeFiles/cmTC_fc1bf.dir/build
make[1]: Entering directory '/home/howoongjun/gym-gazebo/gym_gazebo/envs/installation/catkin_ws/build/CMakeFiles/CMakeTmp'
Building C object CMakeFiles/cmTC_fc1bf.dir/CheckFunctionExists.c.o
/usr/bin/cc    -DCHECK_FUNCTION_EXISTS=clock_nanosleep   -o CMakeFiles/cmTC_fc1bf.dir/CheckFunctionExists.c.o   -c /usr/share/cmake-3.5/Modules/CheckFunctionExists.c
Linking C executable cmTC_fc1bf
/usr/bin/cmake -E cmake_link_script CMakeFiles/cmTC_fc1bf.dir/link.txt --verbose=1
/usr/bin/cc   -DCHECK_FUNCTION_EXISTS=clock_nanosleep    CMakeFiles/cmTC_fc1bf.dir/CheckFunctionExists.c.o  -o cmTC_fc1bf -rdynamic -lrt 
make[1]: Leaving directory '/home/howoongjun/gym-gazebo/gym_gazebo/envs/installation/catkin_ws/build/CMakeFiles/CMakeTmp'


Determining if the function clock_gettime exists in the rt passed with the following output:
Change Dir: /home/howoongjun/gym-gazebo/gym_gazebo/envs/installation/catkin_ws/build/CMakeFiles/CMakeTmp

Run Build Command:"/usr/bin/make" "cmTC_c7533/fast"
/usr/bin/make -f CMakeFiles/cmTC_c7533.dir/build.make CMakeFiles/cmTC_c7533.dir/build
make[1]: Entering directory '/home/howoongjun/gym-gazebo/gym_gazebo/envs/installation/catkin_ws/build/CMakeFiles/CMakeTmp'
Building C object CMakeFiles/cmTC_c7533.dir/CheckFunctionExists.c.o
/usr/bin/cc    -DCHECK_FUNCTION_EXISTS=clock_gettime   -o CMakeFiles/cmTC_c7533.dir/CheckFunctionExists.c.o   -c /usr/share/cmake-3.5/Modules/CheckFunctionExists.c
Linking C executable cmTC_c7533
/usr/bin/cmake -E cmake_link_script CMakeFiles/cmTC_c7533.dir/link.txt --verbose=1
/usr/bin/cc   -DCHECK_FUNCTION_EXISTS=clock_gettime    CMakeFiles/cmTC_c7533.dir/CheckFunctionExists.c.o  -o cmTC_c7533 -rdynamic -lrt 
make[1]: Leaving directory '/home/howoongjun/gym-gazebo/gym_gazebo/envs/installation/catkin_ws/build/CMakeFiles/CMakeTmp'


Determining if the function pthread_mutex_timedlock exists in the pthread passed with the following output:
Change Dir: /home/howoongjun/gym-gazebo/gym_gazebo/envs/installation/catkin_ws/build/CMakeFiles/CMakeTmp

Run Build Command:"/usr/bin/make" "cmTC_435eb/fast"
/usr/bin/make -f CMakeFiles/cmTC_435eb.dir/build.make CMakeFiles/cmTC_435eb.dir/build
make[1]: Entering directory '/home/howoongjun/gym-gazebo/gym_gazebo/envs/installation/catkin_ws/build/CMakeFiles/CMakeTmp'
Building C object CMakeFiles/cmTC_435eb.dir/CheckFunctionExists.c.o
/usr/bin/cc    -DCHECK_FUNCTION_EXISTS=pthread_mutex_timedlock   -o CMakeFiles/cmTC_435eb.dir/CheckFunctionExists.c.o   -c /usr/share/cmake-3.5/Modules/CheckFunctionExists.c
Linking C executable cmTC_435eb
/usr/bin/cmake -E cmake_link_script CMakeFiles/cmTC_435eb.dir/link.txt --verbose=1
/usr/bin/cc   -DCHECK_FUNCTION_EXISTS=pthread_mutex_timedlock    CMakeFiles/cmTC_435eb.dir/CheckFunctionExists.c.o  -o cmTC_435eb -rdynamic -lpthread 
make[1]: Leaving directory '/home/howoongjun/gym-gazebo/gym_gazebo/envs/installation/catkin_ws/build/CMakeFiles/CMakeTmp'


Determining if the function nanosleep exists in the pthread passed with the following output:
Change Dir: /home/howoongjun/gym-gazebo/gym_gazebo/envs/installation/catkin_ws/build/CMakeFiles/CMakeTmp

Run Build Command:"/usr/bin/make" "cmTC_f1983/fast"
/usr/bin/make -f CMakeFiles/cmTC_f1983.dir/build.make CMakeFiles/cmTC_f1983.dir/build
make[1]: Entering directory '/home/howoongjun/gym-gazebo/gym_gazebo/envs/installation/catkin_ws/build/CMakeFiles/CMakeTmp'
Building C object CMakeFiles/cmTC_f1983.dir/CheckFunctionExists.c.o
/usr/bin/cc    -DCHECK_FUNCTION_EXISTS=nanosleep   -o CMakeFiles/cmTC_f1983.dir/CheckFunctionExists.c.o   -c /usr/share/cmake-3.5/Modules/CheckFunctionExists.c
Linking C executable cmTC_f1983
/usr/bin/cmake -E cmake_link_script CMakeFiles/cmTC_f1983.dir/link.txt --verbose=1
/usr/bin/cc   -DCHECK_FUNCTION_EXISTS=nanosleep    CMakeFiles/cmTC_f1983.dir/CheckFunctionExists.c.o  -o cmTC_f1983 -rdynamic -lpthread 
make[1]: Leaving directory '/home/howoongjun/gym-gazebo/gym_gazebo/envs/installation/catkin_ws/build/CMakeFiles/CMakeTmp'


Determining if the function shm_open exists in the rt passed with the following output:
Change Dir: /home/howoongjun/gym-gazebo/gym_gazebo/envs/installation/catkin_ws/build/CMakeFiles/CMakeTmp

Run Build Command:"/usr/bin/make" "cmTC_07141/fast"
/usr/bin/make -f CMakeFiles/cmTC_07141.dir/build.make CMakeFiles/cmTC_07141.dir/build
make[1]: Entering directory '/home/howoongjun/gym-gazebo/gym_gazebo/envs/installation/catkin_ws/build/CMakeFiles/CMakeTmp'
Building C object CMakeFiles/cmTC_07141.dir/CheckFunctionExists.c.o
/usr/bin/cc    -DCHECK_FUNCTION_EXISTS=shm_open   -o CMakeFiles/cmTC_07141.dir/CheckFunctionExists.c.o   -c /usr/share/cmake-3.5/Modules/CheckFunctionExists.c
Linking C executable cmTC_07141
/usr/bin/cmake -E cmake_link_script CMakeFiles/cmTC_07141.dir/link.txt --verbose=1
/usr/bin/cc   -DCHECK_FUNCTION_EXISTS=shm_open    CMakeFiles/cmTC_07141.dir/CheckFunctionExists.c.o  -o cmTC_07141 -rdynamic -lrt 
make[1]: Leaving directory '/home/howoongjun/gym-gazebo/gym_gazebo/envs/installation/catkin_ws/build/CMakeFiles/CMakeTmp'


Determining if the function sched_setscheduler exists in the pthread passed with the following output:
Change Dir: /home/howoongjun/gym-gazebo/gym_gazebo/envs/installation/catkin_ws/build/CMakeFiles/CMakeTmp

Run Build Command:"/usr/bin/make" "cmTC_cbb9f/fast"
/usr/bin/make -f CMakeFiles/cmTC_cbb9f.dir/build.make CMakeFiles/cmTC_cbb9f.dir/build
make[1]: Entering directory '/home/howoongjun/gym-gazebo/gym_gazebo/envs/installation/catkin_ws/build/CMakeFiles/CMakeTmp'
Building C object CMakeFiles/cmTC_cbb9f.dir/CheckFunctionExists.c.o
/usr/bin/cc    -DCHECK_FUNCTION_EXISTS=sched_setscheduler   -o CMakeFiles/cmTC_cbb9f.dir/CheckFunctionExists.c.o   -c /usr/share/cmake-3.5/Modules/CheckFunctionExists.c
Linking C executable cmTC_cbb9f
/usr/bin/cmake -E cmake_link_script CMakeFiles/cmTC_cbb9f.dir/link.txt --verbose=1
/usr/bin/cc   -DCHECK_FUNCTION_EXISTS=sched_setscheduler    CMakeFiles/cmTC_cbb9f.dir/CheckFunctionExists.c.o  -o cmTC_cbb9f -rdynamic -lpthread 
make[1]: Leaving directory '/home/howoongjun/gym-gazebo/gym_gazebo/envs/installation/catkin_ws/build/CMakeFiles/CMakeTmp'


Determining if the function sem_timedwait exists in the pthread passed with the following output:
Change Dir: /home/howoongjun/gym-gazebo/gym_gazebo/envs/installation/catkin_ws/build/CMakeFiles/CMakeTmp

Run Build Command:"/usr/bin/make" "cmTC_250c2/fast"
/usr/bin/make -f CMakeFiles/cmTC_250c2.dir/build.make CMakeFiles/cmTC_250c2.dir/build
make[1]: Entering directory '/home/howoongjun/gym-gazebo/gym_gazebo/envs/installation/catkin_ws/build/CMakeFiles/CMakeTmp'
Building C object CMakeFiles/cmTC_250c2.dir/CheckFunctionExists.c.o
/usr/bin/cc    -DCHECK_FUNCTION_EXISTS=sem_timedwait   -o CMakeFiles/cmTC_250c2.dir/CheckFunctionExists.c.o   -c /usr/share/cmake-3.5/Modules/CheckFunctionExists.c
Linking C executable cmTC_250c2
/usr/bin/cmake -E cmake_link_script CMakeFiles/cmTC_250c2.dir/link.txt --verbose=1
/usr/bin/cc   -DCHECK_FUNCTION_EXISTS=sem_timedwait    CMakeFiles/cmTC_250c2.dir/CheckFunctionExists.c.o  -o cmTC_250c2 -rdynamic -lpthread 
make[1]: Leaving directory '/home/howoongjun/gym-gazebo/gym_gazebo/envs/installation/catkin_ws/build/CMakeFiles/CMakeTmp'


Determining if the function sem_init exists in the pthread passed with the following output:
Change Dir: /home/howoongjun/gym-gazebo/gym_gazebo/envs/installation/catkin_ws/build/CMakeFiles/CMakeTmp

Run Build Command:"/usr/bin/make" "cmTC_32a85/fast"
/usr/bin/make -f CMakeFiles/cmTC_32a85.dir/build.make CMakeFiles/cmTC_32a85.dir/build
make[1]: Entering directory '/home/howoongjun/gym-gazebo/gym_gazebo/envs/installation/catkin_ws/build/CMakeFiles/CMakeTmp'
Building C object CMakeFiles/cmTC_32a85.dir/CheckFunctionExists.c.o
/usr/bin/cc    -DCHECK_FUNCTION_EXISTS=sem_init   -o CMakeFiles/cmTC_32a85.dir/CheckFunctionExists.c.o   -c /usr/share/cmake-3.5/Modules/CheckFunctionExists.c
Linking C executable cmTC_32a85
/usr/bin/cmake -E cmake_link_script CMakeFiles/cmTC_32a85.dir/link.txt --verbose=1
/usr/bin/cc   -DCHECK_FUNCTION_EXISTS=sem_init    CMakeFiles/cmTC_32a85.dir/CheckFunctionExists.c.o  -o cmTC_32a85 -rdynamic -lpthread 
make[1]: Leaving directory '/home/howoongjun/gym-gazebo/gym_gazebo/envs/installation/catkin_ws/build/CMakeFiles/CMakeTmp'


Determining if the CLOCK_MONOTONIC exist passed with the following output:
Change Dir: /home/howoongjun/gym-gazebo/gym_gazebo/envs/installation/catkin_ws/build/CMakeFiles/CMakeTmp

Run Build Command:"/usr/bin/make" "cmTC_d6c51/fast"
/usr/bin/make -f CMakeFiles/cmTC_d6c51.dir/build.make CMakeFiles/cmTC_d6c51.dir/build
make[1]: Entering directory '/home/howoongjun/gym-gazebo/gym_gazebo/envs/installation/catkin_ws/build/CMakeFiles/CMakeTmp'
Building C object CMakeFiles/cmTC_d6c51.dir/CheckSymbolExists.c.o
/usr/bin/cc     -o CMakeFiles/cmTC_d6c51.dir/CheckSymbolExists.c.o   -c /home/howoongjun/gym-gazebo/gym_gazebo/envs/installation/catkin_ws/build/CMakeFiles/CMakeTmp/CheckSymbolExists.c
Linking C executable cmTC_d6c51
/usr/bin/cmake -E cmake_link_script CMakeFiles/cmTC_d6c51.dir/link.txt --verbose=1
/usr/bin/cc       CMakeFiles/cmTC_d6c51.dir/CheckSymbolExists.c.o  -o cmTC_d6c51 -rdynamic 
make[1]: Leaving directory '/home/howoongjun/gym-gazebo/gym_gazebo/envs/installation/catkin_ws/build/CMakeFiles/CMakeTmp'

File /home/howoongjun/gym-gazebo/gym_gazebo/envs/installation/catkin_ws/build/CMakeFiles/CMakeTmp/CheckSymbolExists.c:
/* */
#include <time.h>

int main(int argc, char** argv)
{
  (void)argv;
#ifndef CLOCK_MONOTONIC
  return ((int*)(&CLOCK_MONOTONIC))[argc];
#else
  (void)argc;
  return 0;
#endif
}

Determining if the CLOCK_PROCESS_CPUTIME_ID exist passed with the following output:
Change Dir: /home/howoongjun/gym-gazebo/gym_gazebo/envs/installation/catkin_ws/build/CMakeFiles/CMakeTmp

Run Build Command:"/usr/bin/make" "cmTC_7a3fe/fast"
/usr/bin/make -f CMakeFiles/cmTC_7a3fe.dir/build.make CMakeFiles/cmTC_7a3fe.dir/build
make[1]: Entering directory '/home/howoongjun/gym-gazebo/gym_gazebo/envs/installation/catkin_ws/build/CMakeFiles/CMakeTmp'
Building C object CMakeFiles/cmTC_7a3fe.dir/CheckSymbolExists.c.o
/usr/bin/cc     -o CMakeFiles/cmTC_7a3fe.dir/CheckSymbolExists.c.o   -c /home/howoongjun/gym-gazebo/gym_gazebo/envs/installation/catkin_ws/build/CMakeFiles/CMakeTmp/CheckSymbolExists.c
Linking C executable cmTC_7a3fe
/usr/bin/cmake -E cmake_link_script CMakeFiles/cmTC_7a3fe.dir/link.txt --verbose=1
/usr/bin/cc       CMakeFiles/cmTC_7a3fe.dir/CheckSymbolExists.c.o  -o cmTC_7a3fe -rdynamic 
make[1]: Leaving directory '/home/howoongjun/gym-gazebo/gym_gazebo/envs/installation/catkin_ws/build/CMakeFiles/CMakeTmp'

File /home/howoongjun/gym-gazebo/gym_gazebo/envs/installation/catkin_ws/build/CMakeFiles/CMakeTmp/CheckSymbolExists.c:
/* */
#include <time.h>

int main(int argc, char** argv)
{
  (void)argv;
#ifndef CLOCK_PROCESS_CPUTIME_ID
  return ((int*)(&CLOCK_PROCESS_CPUTIME_ID))[argc];
#else
  (void)argc;
  return 0;
#endif
}

Determining if the include file sys/types.h exists passed with the following output:
Change Dir: /home/howoongjun/gym-gazebo/gym_gazebo/envs/installation/catkin_ws/build/CMakeFiles/CMakeTmp

Run Build Command:"/usr/bin/make" "cmTC_92c75/fast"
/usr/bin/make -f CMakeFiles/cmTC_92c75.dir/build.make CMakeFiles/cmTC_92c75.dir/build
make[1]: Entering directory '/home/howoongjun/gym-gazebo/gym_gazebo/envs/installation/catkin_ws/build/CMakeFiles/CMakeTmp'
Building C object CMakeFiles/cmTC_92c75.dir/CheckIncludeFile.c.o
/usr/bin/cc     -o CMakeFiles/cmTC_92c75.dir/CheckIncludeFile.c.o   -c /home/howoongjun/gym-gazebo/gym_gazebo/envs/installation/catkin_ws/build/CMakeFiles/CMakeTmp/CheckIncludeFile.c
Linking C executable cmTC_92c75
/usr/bin/cmake -E cmake_link_script CMakeFiles/cmTC_92c75.dir/link.txt --verbose=1
/usr/bin/cc       CMakeFiles/cmTC_92c75.dir/CheckIncludeFile.c.o  -o cmTC_92c75 -rdynamic 
make[1]: Leaving directory '/home/howoongjun/gym-gazebo/gym_gazebo/envs/installation/catkin_ws/build/CMakeFiles/CMakeTmp'


Determining if the include file stdint.h exists passed with the following output:
Change Dir: /home/howoongjun/gym-gazebo/gym_gazebo/envs/installation/catkin_ws/build/CMakeFiles/CMakeTmp

Run Build Command:"/usr/bin/make" "cmTC_c3b87/fast"
/usr/bin/make -f CMakeFiles/cmTC_c3b87.dir/build.make CMakeFiles/cmTC_c3b87.dir/build
make[1]: Entering directory '/home/howoongjun/gym-gazebo/gym_gazebo/envs/installation/catkin_ws/build/CMakeFiles/CMakeTmp'
Building C object CMakeFiles/cmTC_c3b87.dir/CheckIncludeFile.c.o
/usr/bin/cc     -o CMakeFiles/cmTC_c3b87.dir/CheckIncludeFile.c.o   -c /home/howoongjun/gym-gazebo/gym_gazebo/envs/installation/catkin_ws/build/CMakeFiles/CMakeTmp/CheckIncludeFile.c
Linking C executable cmTC_c3b87
/usr/bin/cmake -E cmake_link_script CMakeFiles/cmTC_c3b87.dir/link.txt --verbose=1
/usr/bin/cc       CMakeFiles/cmTC_c3b87.dir/CheckIncludeFile.c.o  -o cmTC_c3b87 -rdynamic 
make[1]: Leaving directory '/home/howoongjun/gym-gazebo/gym_gazebo/envs/installation/catkin_ws/build/CMakeFiles/CMakeTmp'


Determining if the include file stddef.h exists passed with the following output:
Change Dir: /home/howoongjun/gym-gazebo/gym_gazebo/envs/installation/catkin_ws/build/CMakeFiles/CMakeTmp

Run Build Command:"/usr/bin/make" "cmTC_0d584/fast"
/usr/bin/make -f CMakeFiles/cmTC_0d584.dir/build.make CMakeFiles/cmTC_0d584.dir/build
make[1]: Entering directory '/home/howoongjun/gym-gazebo/gym_gazebo/envs/installation/catkin_ws/build/CMakeFiles/CMakeTmp'
Building C object CMakeFiles/cmTC_0d584.dir/CheckIncludeFile.c.o
/usr/bin/cc     -o CMakeFiles/cmTC_0d584.dir/CheckIncludeFile.c.o   -c /home/howoongjun/gym-gazebo/gym_gazebo/envs/installation/catkin_ws/build/CMakeFiles/CMakeTmp/CheckIncludeFile.c
Linking C executable cmTC_0d584
/usr/bin/cmake -E cmake_link_script CMakeFiles/cmTC_0d584.dir/link.txt --verbose=1
/usr/bin/cc       CMakeFiles/cmTC_0d584.dir/CheckIncludeFile.c.o  -o cmTC_0d584 -rdynamic 
make[1]: Leaving directory '/home/howoongjun/gym-gazebo/gym_gazebo/envs/installation/catkin_ws/build/CMakeFiles/CMakeTmp'


Determining size of char passed with the following output:
Change Dir: /home/howoongjun/gym-gazebo/gym_gazebo/envs/installation/catkin_ws/build/CMakeFiles/CMakeTmp

Run Build Command:"/usr/bin/make" "cmTC_ca9b1/fast"
/usr/bin/make -f CMakeFiles/cmTC_ca9b1.dir/build.make CMakeFiles/cmTC_ca9b1.dir/build
make[1]: Entering directory '/home/howoongjun/gym-gazebo/gym_gazebo/envs/installation/catkin_ws/build/CMakeFiles/CMakeTmp'
Building C object CMakeFiles/cmTC_ca9b1.dir/PLATFORM_SIZE_OF_CHAR.c.o
/usr/bin/cc     -o CMakeFiles/cmTC_ca9b1.dir/PLATFORM_SIZE_OF_CHAR.c.o   -c /home/howoongjun/gym-gazebo/gym_gazebo/envs/installation/catkin_ws/build/CMakeFiles/CheckTypeSize/PLATFORM_SIZE_OF_CHAR.c
Linking C executable cmTC_ca9b1
/usr/bin/cmake -E cmake_link_script CMakeFiles/cmTC_ca9b1.dir/link.txt --verbose=1
/usr/bin/cc       CMakeFiles/cmTC_ca9b1.dir/PLATFORM_SIZE_OF_CHAR.c.o  -o cmTC_ca9b1 -rdynamic 
make[1]: Leaving directory '/home/howoongjun/gym-gazebo/gym_gazebo/envs/installation/catkin_ws/build/CMakeFiles/CMakeTmp'


Determining size of short passed with the following output:
Change Dir: /home/howoongjun/gym-gazebo/gym_gazebo/envs/installation/catkin_ws/build/CMakeFiles/CMakeTmp

Run Build Command:"/usr/bin/make" "cmTC_6b56c/fast"
/usr/bin/make -f CMakeFiles/cmTC_6b56c.dir/build.make CMakeFiles/cmTC_6b56c.dir/build
make[1]: Entering directory '/home/howoongjun/gym-gazebo/gym_gazebo/envs/installation/catkin_ws/build/CMakeFiles/CMakeTmp'
Building C object CMakeFiles/cmTC_6b56c.dir/PLATFORM_SIZE_OF_SHORT.c.o
/usr/bin/cc     -o CMakeFiles/cmTC_6b56c.dir/PLATFORM_SIZE_OF_SHORT.c.o   -c /home/howoongjun/gym-gazebo/gym_gazebo/envs/installation/catkin_ws/build/CMakeFiles/CheckTypeSize/PLATFORM_SIZE_OF_SHORT.c
Linking C executable cmTC_6b56c
/usr/bin/cmake -E cmake_link_script CMakeFiles/cmTC_6b56c.dir/link.txt --verbose=1
/usr/bin/cc       CMakeFiles/cmTC_6b56c.dir/PLATFORM_SIZE_OF_SHORT.c.o  -o cmTC_6b56c -rdynamic 
make[1]: Leaving directory '/home/howoongjun/gym-gazebo/gym_gazebo/envs/installation/catkin_ws/build/CMakeFiles/CMakeTmp'


Determining size of int passed with the following output:
Change Dir: /home/howoongjun/gym-gazebo/gym_gazebo/envs/installation/catkin_ws/build/CMakeFiles/CMakeTmp

Run Build Command:"/usr/bin/make" "cmTC_beead/fast"
/usr/bin/make -f CMakeFiles/cmTC_beead.dir/build.make CMakeFiles/cmTC_beead.dir/build
make[1]: Entering directory '/home/howoongjun/gym-gazebo/gym_gazebo/envs/installation/catkin_ws/build/CMakeFiles/CMakeTmp'
Building C object CMakeFiles/cmTC_beead.dir/PLATFORM_SIZE_OF_INT.c.o
/usr/bin/cc     -o CMakeFiles/cmTC_beead.dir/PLATFORM_SIZE_OF_INT.c.o   -c /home/howoongjun/gym-gazebo/gym_gazebo/envs/installation/catkin_ws/build/CMakeFiles/CheckTypeSize/PLATFORM_SIZE_OF_INT.c
Linking C executable cmTC_beead
/usr/bin/cmake -E cmake_link_script CMakeFiles/cmTC_beead.dir/link.txt --verbose=1
/usr/bin/cc       CMakeFiles/cmTC_beead.dir/PLATFORM_SIZE_OF_INT.c.o  -o cmTC_beead -rdynamic 
make[1]: Leaving directory '/home/howoongjun/gym-gazebo/gym_gazebo/envs/installation/catkin_ws/build/CMakeFiles/CMakeTmp'


Determining size of long passed with the following output:
Change Dir: /home/howoongjun/gym-gazebo/gym_gazebo/envs/installation/catkin_ws/build/CMakeFiles/CMakeTmp

Run Build Command:"/usr/bin/make" "cmTC_d0934/fast"
/usr/bin/make -f CMakeFiles/cmTC_d0934.dir/build.make CMakeFiles/cmTC_d0934.dir/build
make[1]: Entering directory '/home/howoongjun/gym-gazebo/gym_gazebo/envs/installation/catkin_ws/build/CMakeFiles/CMakeTmp'
Building C object CMakeFiles/cmTC_d0934.dir/PLATFORM_SIZE_OF_LONG.c.o
/usr/bin/cc     -o CMakeFiles/cmTC_d0934.dir/PLATFORM_SIZE_OF_LONG.c.o   -c /home/howoongjun/gym-gazebo/gym_gazebo/envs/installation/catkin_ws/build/CMakeFiles/CheckTypeSize/PLATFORM_SIZE_OF_LONG.c
Linking C executable cmTC_d0934
/usr/bin/cmake -E cmake_link_script CMakeFiles/cmTC_d0934.dir/link.txt --verbose=1
/usr/bin/cc       CMakeFiles/cmTC_d0934.dir/PLATFORM_SIZE_OF_LONG.c.o  -o cmTC_d0934 -rdynamic 
make[1]: Leaving directory '/home/howoongjun/gym-gazebo/gym_gazebo/envs/installation/catkin_ws/build/CMakeFiles/CMakeTmp'


Determining size of long long passed with the following output:
Change Dir: /home/howoongjun/gym-gazebo/gym_gazebo/envs/installation/catkin_ws/build/CMakeFiles/CMakeTmp

Run Build Command:"/usr/bin/make" "cmTC_142f0/fast"
/usr/bin/make -f CMakeFiles/cmTC_142f0.dir/build.make CMakeFiles/cmTC_142f0.dir/build
make[1]: Entering directory '/home/howoongjun/gym-gazebo/gym_gazebo/envs/installation/catkin_ws/build/CMakeFiles/CMakeTmp'
Building C object CMakeFiles/cmTC_142f0.dir/PLATFORM_SIZE_OF_LONG_LONG.c.o
/usr/bin/cc     -o CMakeFiles/cmTC_142f0.dir/PLATFORM_SIZE_OF_LONG_LONG.c.o   -c /home/howoongjun/gym-gazebo/gym_gazebo/envs/installation/catkin_ws/build/CMakeFiles/CheckTypeSize/PLATFORM_SIZE_OF_LONG_LONG.c
Linking C executable cmTC_142f0
/usr/bin/cmake -E cmake_link_script CMakeFiles/cmTC_142f0.dir/link.txt --verbose=1
/usr/bin/cc       CMakeFiles/cmTC_142f0.dir/PLATFORM_SIZE_OF_LONG_LONG.c.o  -o cmTC_142f0 -rdynamic 
make[1]: Leaving directory '/home/howoongjun/gym-gazebo/gym_gazebo/envs/installation/catkin_ws/build/CMakeFiles/CMakeTmp'


Determining size of float passed with the following output:
Change Dir: /home/howoongjun/gym-gazebo/gym_gazebo/envs/installation/catkin_ws/build/CMakeFiles/CMakeTmp

Run Build Command:"/usr/bin/make" "cmTC_21611/fast"
/usr/bin/make -f CMakeFiles/cmTC_21611.dir/build.make CMakeFiles/cmTC_21611.dir/build
make[1]: Entering directory '/home/howoongjun/gym-gazebo/gym_gazebo/envs/installation/catkin_ws/build/CMakeFiles/CMakeTmp'
Building C object CMakeFiles/cmTC_21611.dir/PLATFORM_SIZE_OF_FLOAT.c.o
/usr/bin/cc     -o CMakeFiles/cmTC_21611.dir/PLATFORM_SIZE_OF_FLOAT.c.o   -c /home/howoongjun/gym-gazebo/gym_gazebo/envs/installation/catkin_ws/build/CMakeFiles/CheckTypeSize/PLATFORM_SIZE_OF_FLOAT.c
Linking C executable cmTC_21611
/usr/bin/cmake -E cmake_link_script CMakeFiles/cmTC_21611.dir/link.txt --verbose=1
/usr/bin/cc       CMakeFiles/cmTC_21611.dir/PLATFORM_SIZE_OF_FLOAT.c.o  -o cmTC_21611 -rdynamic 
make[1]: Leaving directory '/home/howoongjun/gym-gazebo/gym_gazebo/envs/installation/catkin_ws/build/CMakeFiles/CMakeTmp'


Determining size of double passed with the following output:
Change Dir: /home/howoongjun/gym-gazebo/gym_gazebo/envs/installation/catkin_ws/build/CMakeFiles/CMakeTmp

Run Build Command:"/usr/bin/make" "cmTC_bad22/fast"
/usr/bin/make -f CMakeFiles/cmTC_bad22.dir/build.make CMakeFiles/cmTC_bad22.dir/build
make[1]: Entering directory '/home/howoongjun/gym-gazebo/gym_gazebo/envs/installation/catkin_ws/build/CMakeFiles/CMakeTmp'
Building C object CMakeFiles/cmTC_bad22.dir/PLATFORM_SIZE_OF_DOUBLE.c.o
/usr/bin/cc     -o CMakeFiles/cmTC_bad22.dir/PLATFORM_SIZE_OF_DOUBLE.c.o   -c /home/howoongjun/gym-gazebo/gym_gazebo/envs/installation/catkin_ws/build/CMakeFiles/CheckTypeSize/PLATFORM_SIZE_OF_DOUBLE.c
Linking C executable cmTC_bad22
/usr/bin/cmake -E cmake_link_script CMakeFiles/cmTC_bad22.dir/link.txt --verbose=1
/usr/bin/cc       CMakeFiles/cmTC_bad22.dir/PLATFORM_SIZE_OF_DOUBLE.c.o  -o cmTC_bad22 -rdynamic 
make[1]: Leaving directory '/home/howoongjun/gym-gazebo/gym_gazebo/envs/installation/catkin_ws/build/CMakeFiles/CMakeTmp'


Determining size of long double passed with the following output:
Change Dir: /home/howoongjun/gym-gazebo/gym_gazebo/envs/installation/catkin_ws/build/CMakeFiles/CMakeTmp

Run Build Command:"/usr/bin/make" "cmTC_2d616/fast"
/usr/bin/make -f CMakeFiles/cmTC_2d616.dir/build.make CMakeFiles/cmTC_2d616.dir/build
make[1]: Entering directory '/home/howoongjun/gym-gazebo/gym_gazebo/envs/installation/catkin_ws/build/CMakeFiles/CMakeTmp'
Building C object CMakeFiles/cmTC_2d616.dir/PLATFORM_SIZE_OF_LONG_DOUBLE.c.o
/usr/bin/cc     -o CMakeFiles/cmTC_2d616.dir/PLATFORM_SIZE_OF_LONG_DOUBLE.c.o   -c /home/howoongjun/gym-gazebo/gym_gazebo/envs/installation/catkin_ws/build/CMakeFiles/CheckTypeSize/PLATFORM_SIZE_OF_LONG_DOUBLE.c
Linking C executable cmTC_2d616
/usr/bin/cmake -E cmake_link_script CMakeFiles/cmTC_2d616.dir/link.txt --verbose=1
/usr/bin/cc       CMakeFiles/cmTC_2d616.dir/PLATFORM_SIZE_OF_LONG_DOUBLE.c.o  -o cmTC_2d616 -rdynamic 
make[1]: Leaving directory '/home/howoongjun/gym-gazebo/gym_gazebo/envs/installation/catkin_ws/build/CMakeFiles/CMakeTmp'


Determining size of unsigned short passed with the following output:
Change Dir: /home/howoongjun/gym-gazebo/gym_gazebo/envs/installation/catkin_ws/build/CMakeFiles/CMakeTmp

Run Build Command:"/usr/bin/make" "cmTC_f427e/fast"
/usr/bin/make -f CMakeFiles/cmTC_f427e.dir/build.make CMakeFiles/cmTC_f427e.dir/build
make[1]: Entering directory '/home/howoongjun/gym-gazebo/gym_gazebo/envs/installation/catkin_ws/build/CMakeFiles/CMakeTmp'
Building C object CMakeFiles/cmTC_f427e.dir/CMAKE_SIZEOF_UNSIGNED_SHORT.c.o
/usr/bin/cc     -o CMakeFiles/cmTC_f427e.dir/CMAKE_SIZEOF_UNSIGNED_SHORT.c.o   -c /home/howoongjun/gym-gazebo/gym_gazebo/envs/installation/catkin_ws/build/CMakeFiles/CheckTypeSize/CMAKE_SIZEOF_UNSIGNED_SHORT.c
Linking C executable cmTC_f427e
/usr/bin/cmake -E cmake_link_script CMakeFiles/cmTC_f427e.dir/link.txt --verbose=1
/usr/bin/cc       CMakeFiles/cmTC_f427e.dir/CMAKE_SIZEOF_UNSIGNED_SHORT.c.o  -o cmTC_f427e -rdynamic 
make[1]: Leaving directory '/home/howoongjun/gym-gazebo/gym_gazebo/envs/installation/catkin_ws/build/CMakeFiles/CMakeTmp'


Performing C++ SOURCE FILE Test CXX11_COMPILER_FOUND succeeded with the following output:
Change Dir: /home/howoongjun/gym-gazebo/gym_gazebo/envs/installation/catkin_ws/build/CMakeFiles/CMakeTmp

Run Build Command:"/usr/bin/make" "cmTC_e8775/fast"
/usr/bin/make -f CMakeFiles/cmTC_e8775.dir/build.make CMakeFiles/cmTC_e8775.dir/build
make[1]: Entering directory '/home/howoongjun/gym-gazebo/gym_gazebo/envs/installation/catkin_ws/build/CMakeFiles/CMakeTmp'
Building CXX object CMakeFiles/cmTC_e8775.dir/src.cxx.o
/usr/bin/c++     -DCXX11_COMPILER_FOUND   -std=c++11 -o CMakeFiles/cmTC_e8775.dir/src.cxx.o -c /home/howoongjun/gym-gazebo/gym_gazebo/envs/installation/catkin_ws/build/CMakeFiles/CMakeTmp/src.cxx
Linking CXX executable cmTC_e8775
/usr/bin/cmake -E cmake_link_script CMakeFiles/cmTC_e8775.dir/link.txt --verbose=1
/usr/bin/c++    -DCXX11_COMPILER_FOUND    CMakeFiles/cmTC_e8775.dir/src.cxx.o  -o cmTC_e8775 -rdynamic 
make[1]: Leaving directory '/home/howoongjun/gym-gazebo/gym_gazebo/envs/installation/catkin_ws/build/CMakeFiles/CMakeTmp'

Source file was:
int main() { return 0; }
Determining if files linux/joystick.h exist passed with the following output:
Change Dir: /home/howoongjun/gym-gazebo/gym_gazebo/envs/installation/catkin_ws/build/CMakeFiles/CMakeTmp

Run Build Command:"/usr/bin/make" "cmTC_1a88f/fast"
/usr/bin/make -f CMakeFiles/cmTC_1a88f.dir/build.make CMakeFiles/cmTC_1a88f.dir/build
make[1]: Entering directory '/home/howoongjun/gym-gazebo/gym_gazebo/envs/installation/catkin_ws/build/CMakeFiles/CMakeTmp'
Building C object CMakeFiles/cmTC_1a88f.dir/CheckIncludeFiles.c.o
/usr/bin/cc     -o CMakeFiles/cmTC_1a88f.dir/CheckIncludeFiles.c.o   -c /home/howoongjun/gym-gazebo/gym_gazebo/envs/installation/catkin_ws/build/CMakeFiles/CMakeTmp/CheckIncludeFiles.c
Linking C executable cmTC_1a88f
/usr/bin/cmake -E cmake_link_script CMakeFiles/cmTC_1a88f.dir/link.txt --verbose=1
/usr/bin/cc       CMakeFiles/cmTC_1a88f.dir/CheckIncludeFiles.c.o  -o cmTC_1a88f -rdynamic 
make[1]: Leaving directory '/home/howoongjun/gym-gazebo/gym_gazebo/envs/installation/catkin_ws/build/CMakeFiles/CMakeTmp'


Determining if the CXX compiler accepts the flag -Wl,--version-script,"/home/howoongjun/gym-gazebo/gym_gazebo/envs/installation/catkin_ws/build/pcl_ros/pcl_ros/class_loader_hide_library_symbols__pcl_ros_io.script" passed with the following output:
Change Dir: /home/howoongjun/gym-gazebo/gym_gazebo/envs/installation/catkin_ws/build/CMakeFiles/CMakeTmp

Run Build Command:"/usr/bin/make" "cmTC_3353a/fast"
/usr/bin/make -f CMakeFiles/cmTC_3353a.dir/build.make CMakeFiles/cmTC_3353a.dir/build
make[1]: Entering directory '/home/howoongjun/gym-gazebo/gym_gazebo/envs/installation/catkin_ws/build/CMakeFiles/CMakeTmp'
Building CXX object CMakeFiles/cmTC_3353a.dir/DummyCXXFile.cxx.o
/usr/bin/c++     -Wl,--version-script,"/home/howoongjun/gym-gazebo/gym_gazebo/envs/installation/catkin_ws/build/pcl_ros/pcl_ros/class_loader_hide_library_symbols__pcl_ros_io.script"   -o CMakeFiles/cmTC_3353a.dir/DummyCXXFile.cxx.o -c /usr/share/cmake-3.5/Modules/DummyCXXFile.cxx
Linking CXX executable cmTC_3353a
/usr/bin/cmake -E cmake_link_script CMakeFiles/cmTC_3353a.dir/link.txt --verbose=1
/usr/bin/c++     -Wl,--version-script,"/home/howoongjun/gym-gazebo/gym_gazebo/envs/installation/catkin_ws/build/pcl_ros/pcl_ros/class_loader_hide_library_symbols__pcl_ros_io.script"    CMakeFiles/cmTC_3353a.dir/DummyCXXFile.cxx.o  -o cmTC_3353a -rdynamic 
make[1]: Leaving directory '/home/howoongjun/gym-gazebo/gym_gazebo/envs/installation/catkin_ws/build/CMakeFiles/CMakeTmp'


The target system is: Linux - 4.10.0-42-generic - x86_64
The host system is: Linux - 4.10.0-42-generic - x86_64
Determining if the include file FL/Fl.H exists passed with the following output:
Change Dir: /home/howoongjun/gym-gazebo/gym_gazebo/envs/installation/catkin_ws/build/CMakeFiles/CMakeTmp

Run Build Command:"/usr/bin/make" "cmTC_d1895/fast"
/usr/bin/make -f CMakeFiles/cmTC_d1895.dir/build.make CMakeFiles/cmTC_d1895.dir/build
make[1]: Entering directory '/home/howoongjun/gym-gazebo/gym_gazebo/envs/installation/catkin_ws/build/CMakeFiles/CMakeTmp'
Building CXX object CMakeFiles/cmTC_d1895.dir/CheckIncludeFile.cxx.o
/usr/bin/c++      -o CMakeFiles/cmTC_d1895.dir/CheckIncludeFile.cxx.o -c /home/howoongjun/gym-gazebo/gym_gazebo/envs/installation/catkin_ws/build/CMakeFiles/CMakeTmp/CheckIncludeFile.cxx
Linking CXX executable cmTC_d1895
/usr/bin/cmake -E cmake_link_script CMakeFiles/cmTC_d1895.dir/link.txt --verbose=1
/usr/bin/c++         CMakeFiles/cmTC_d1895.dir/CheckIncludeFile.cxx.o  -o cmTC_d1895 -rdynamic 
make[1]: Leaving directory '/home/howoongjun/gym-gazebo/gym_gazebo/envs/installation/catkin_ws/build/CMakeFiles/CMakeTmp'


The target system is: Linux - 4.10.0-42-generic - x86_64
The host system is: Linux - 4.10.0-42-generic - x86_64
